#-----------------------------------------------------------
# Vivado v2019.1 (64-bit)
# SW Build 2552052 on Fri May 24 14:49:42 MDT 2019
# IP Build 2548770 on Fri May 24 18:01:18 MDT 2019
# Start of session at: Thu Dec  3 18:32:39 2020
# Process ID: 7120
# Current directory: C:/Users/wilson/Documents/Project/my_w2812b_Project/W2812b_HW_Design
# Command line: vivado.exe -gui_launcher_event rodinguilauncherevent14760 C:\Users\wilson\Documents\Project\my_w2812b_Project\W2812b_HW_Design\W2812b_HW_Design.xpr
# Log file: C:/Users/wilson/Documents/Project/my_w2812b_Project/W2812b_HW_Design/vivado.log
# Journal file: C:/Users/wilson/Documents/Project/my_w2812b_Project/W2812b_HW_Design\vivado.jou
#-----------------------------------------------------------
start_gui
open_project C:/Users/wilson/Documents/Project/my_w2812b_Project/W2812b_HW_Design/W2812b_HW_Design.xpr
Scanning sources...
Finished scanning sources
WARNING: [filemgmt 56-3] IPUserFilesDir: Could not find the directory 'C:/Users/wilson/Documents/Project/my_w2812b_Project/W2812b_HW_Design/W2812b_HW_Design.ip_user_files'.
INFO: [IP_Flow 19-234] Refreshing IP repositories
INFO: [IP_Flow 19-1700] Loaded user IP repository 'c:/Users/wilson/Documents/Project/my_w2812b_Project/ip_repo/myW2812bDesignIP_1.0'.
INFO: [IP_Flow 19-2313] Loaded Vivado IP repository 'C:/Xilinx/Vivado/2019.1/data/ip'.
update_compile_order -fileset sources_1
reset_run synth_1
launch_runs synth_1 -jobs 4
[Thu Dec  3 18:41:08 2020] Launched synth_1...
Run output will be captured here: C:/Users/wilson/Documents/Project/my_w2812b_Project/W2812b_HW_Design/W2812b_HW_Design.runs/synth_1/runme.log
launch_runs impl_1 -jobs 4
[Thu Dec  3 18:41:45 2020] Launched impl_1...
Run output will be captured here: C:/Users/wilson/Documents/Project/my_w2812b_Project/W2812b_HW_Design/W2812b_HW_Design.runs/impl_1/runme.log
reset_run synth_1
launch_runs synth_1 -jobs 4
[Thu Dec  3 18:42:41 2020] Launched synth_1...
Run output will be captured here: C:/Users/wilson/Documents/Project/my_w2812b_Project/W2812b_HW_Design/W2812b_HW_Design.runs/synth_1/runme.log
exit
INFO: [Common 17-206] Exiting Vivado at Thu Dec  3 20:47:37 2020...
