Copyright 1986-2019 Xilinx, Inc. All Rights Reserved.
------------------------------------------------------------------------------------
| Tool Version : Vivado v.2019.1 (lin64) Build 2552052 Fri May 24 14:47:09 MDT 2019
| Date         : Sat Feb 27 11:03:27 2021
| Host         : wilson-VirtualBox running 64-bit Ubuntu 18.04.4 LTS
| Command      : upgrade_ip
| Device       : xc7z020clg484-1
------------------------------------------------------------------------------------

Upgrade Log for IP 'W2812b_design_1_myW2812bDesignIP_3_0'

1. Summary
----------

SUCCESS in the upgrade of W2812b_design_1_myW2812bDesignIP_3_0 (xilinx.com:user:myW2812bDesignIP:1.0) from (Rev. 41) to (Rev. 42)






Copyright 1986-2019 Xilinx, Inc. All Rights Reserved.
------------------------------------------------------------------------------------
| Tool Version : Vivado v.2019.1 (lin64) Build 2552052 Fri May 24 14:47:09 MDT 2019
| Date         : Sat Feb 27 11:03:27 2021
| Host         : wilson-VirtualBox running 64-bit Ubuntu 18.04.4 LTS
| Command      : upgrade_ip
| Device       : xc7z020clg484-1
------------------------------------------------------------------------------------

Upgrade Log for IP 'W2812b_design_1_myW2812bDesignIP_2_0'

1. Summary
----------

SUCCESS in the upgrade of W2812b_design_1_myW2812bDesignIP_2_0 (xilinx.com:user:myW2812bDesignIP:1.0) from (Rev. 41) to (Rev. 42)






Copyright 1986-2019 Xilinx, Inc. All Rights Reserved.
------------------------------------------------------------------------------------
| Tool Version : Vivado v.2019.1 (lin64) Build 2552052 Fri May 24 14:47:09 MDT 2019
| Date         : Sat Feb 27 11:03:27 2021
| Host         : wilson-VirtualBox running 64-bit Ubuntu 18.04.4 LTS
| Command      : upgrade_ip
| Device       : xc7z020clg484-1
------------------------------------------------------------------------------------

Upgrade Log for IP 'W2812b_design_1_myW2812bDesignIP_1_0'

1. Summary
----------

SUCCESS in the upgrade of W2812b_design_1_myW2812bDesignIP_1_0 (xilinx.com:user:myW2812bDesignIP:1.0) from (Rev. 41) to (Rev. 42)






Copyright 1986-2019 Xilinx, Inc. All Rights Reserved.
------------------------------------------------------------------------------------
| Tool Version : Vivado v.2019.1 (lin64) Build 2552052 Fri May 24 14:47:09 MDT 2019
| Date         : Sat Feb 27 11:03:27 2021
| Host         : wilson-VirtualBox running 64-bit Ubuntu 18.04.4 LTS
| Command      : upgrade_ip
| Device       : xc7z020clg484-1
------------------------------------------------------------------------------------

Upgrade Log for IP 'W2812b_design_1_myW2812bDesignIP_0_1'

1. Summary
----------

SUCCESS in the upgrade of W2812b_design_1_myW2812bDesignIP_0_1 (xilinx.com:user:myW2812bDesignIP:1.0) from (Rev. 41) to (Rev. 42)






Copyright 1986-2019 Xilinx, Inc. All Rights Reserved.
------------------------------------------------------------------------------------
| Tool Version : Vivado v.2019.1 (lin64) Build 2552052 Fri May 24 14:47:09 MDT 2019
| Date         : Sat Feb 27 10:27:18 2021
| Host         : wilson-VirtualBox running 64-bit Ubuntu 18.04.4 LTS
| Command      : upgrade_ip
| Device       : xc7z020clg484-1
------------------------------------------------------------------------------------

Upgrade Log for IP 'W2812b_design_1_myW2812bDesignIP_3_0'

1. Summary
----------

SUCCESS in the upgrade of W2812b_design_1_myW2812bDesignIP_3_0 (xilinx.com:user:myW2812bDesignIP:1.0) from (Rev. 39) to (Rev. 41)






Copyright 1986-2019 Xilinx, Inc. All Rights Reserved.
------------------------------------------------------------------------------------
| Tool Version : Vivado v.2019.1 (lin64) Build 2552052 Fri May 24 14:47:09 MDT 2019
| Date         : Sat Feb 27 10:27:18 2021
| Host         : wilson-VirtualBox running 64-bit Ubuntu 18.04.4 LTS
| Command      : upgrade_ip
| Device       : xc7z020clg484-1
------------------------------------------------------------------------------------

Upgrade Log for IP 'W2812b_design_1_myW2812bDesignIP_2_0'

1. Summary
----------

SUCCESS in the upgrade of W2812b_design_1_myW2812bDesignIP_2_0 (xilinx.com:user:myW2812bDesignIP:1.0) from (Rev. 39) to (Rev. 41)






Copyright 1986-2019 Xilinx, Inc. All Rights Reserved.
------------------------------------------------------------------------------------
| Tool Version : Vivado v.2019.1 (lin64) Build 2552052 Fri May 24 14:47:09 MDT 2019
| Date         : Sat Feb 27 10:27:18 2021
| Host         : wilson-VirtualBox running 64-bit Ubuntu 18.04.4 LTS
| Command      : upgrade_ip
| Device       : xc7z020clg484-1
------------------------------------------------------------------------------------

Upgrade Log for IP 'W2812b_design_1_myW2812bDesignIP_1_0'

1. Summary
----------

SUCCESS in the upgrade of W2812b_design_1_myW2812bDesignIP_1_0 (xilinx.com:user:myW2812bDesignIP:1.0) from (Rev. 39) to (Rev. 41)






Copyright 1986-2019 Xilinx, Inc. All Rights Reserved.
------------------------------------------------------------------------------------
| Tool Version : Vivado v.2019.1 (lin64) Build 2552052 Fri May 24 14:47:09 MDT 2019
| Date         : Sat Feb 27 10:27:18 2021
| Host         : wilson-VirtualBox running 64-bit Ubuntu 18.04.4 LTS
| Command      : upgrade_ip
| Device       : xc7z020clg484-1
------------------------------------------------------------------------------------

Upgrade Log for IP 'W2812b_design_1_myW2812bDesignIP_0_1'

1. Summary
----------

SUCCESS in the upgrade of W2812b_design_1_myW2812bDesignIP_0_1 (xilinx.com:user:myW2812bDesignIP:1.0) from (Rev. 39) to (Rev. 41)






Copyright 1986-2019 Xilinx, Inc. All Rights Reserved.
------------------------------------------------------------------------------------
| Tool Version : Vivado v.2019.1 (lin64) Build 2552052 Fri May 24 14:47:09 MDT 2019
| Date         : Sat Feb 27 09:49:23 2021
| Host         : wilson-VirtualBox running 64-bit Ubuntu 18.04.4 LTS
| Command      : upgrade_ip
| Device       : xc7z020clg484-1
------------------------------------------------------------------------------------

Upgrade Log for IP 'W2812b_design_1_myW2812bDesignIP_3_0'

1. Summary
----------

SUCCESS in the upgrade of W2812b_design_1_myW2812bDesignIP_3_0 (xilinx.com:user:myW2812bDesignIP:1.0) from (Rev. 37) to (Rev. 39)






Copyright 1986-2019 Xilinx, Inc. All Rights Reserved.
------------------------------------------------------------------------------------
| Tool Version : Vivado v.2019.1 (lin64) Build 2552052 Fri May 24 14:47:09 MDT 2019
| Date         : Sat Feb 27 09:49:23 2021
| Host         : wilson-VirtualBox running 64-bit Ubuntu 18.04.4 LTS
| Command      : upgrade_ip
| Device       : xc7z020clg484-1
------------------------------------------------------------------------------------

Upgrade Log for IP 'W2812b_design_1_myW2812bDesignIP_2_0'

1. Summary
----------

SUCCESS in the upgrade of W2812b_design_1_myW2812bDesignIP_2_0 (xilinx.com:user:myW2812bDesignIP:1.0) from (Rev. 37) to (Rev. 39)






Copyright 1986-2019 Xilinx, Inc. All Rights Reserved.
------------------------------------------------------------------------------------
| Tool Version : Vivado v.2019.1 (lin64) Build 2552052 Fri May 24 14:47:09 MDT 2019
| Date         : Sat Feb 27 09:49:23 2021
| Host         : wilson-VirtualBox running 64-bit Ubuntu 18.04.4 LTS
| Command      : upgrade_ip
| Device       : xc7z020clg484-1
------------------------------------------------------------------------------------

Upgrade Log for IP 'W2812b_design_1_myW2812bDesignIP_1_0'

1. Summary
----------

SUCCESS in the upgrade of W2812b_design_1_myW2812bDesignIP_1_0 (xilinx.com:user:myW2812bDesignIP:1.0) from (Rev. 37) to (Rev. 39)






Copyright 1986-2019 Xilinx, Inc. All Rights Reserved.
------------------------------------------------------------------------------------
| Tool Version : Vivado v.2019.1 (lin64) Build 2552052 Fri May 24 14:47:09 MDT 2019
| Date         : Sat Feb 27 09:49:23 2021
| Host         : wilson-VirtualBox running 64-bit Ubuntu 18.04.4 LTS
| Command      : upgrade_ip
| Device       : xc7z020clg484-1
------------------------------------------------------------------------------------

Upgrade Log for IP 'W2812b_design_1_myW2812bDesignIP_0_1'

1. Summary
----------

SUCCESS in the upgrade of W2812b_design_1_myW2812bDesignIP_0_1 (xilinx.com:user:myW2812bDesignIP:1.0) from (Rev. 37) to (Rev. 39)






Copyright 1986-2019 Xilinx, Inc. All Rights Reserved.
------------------------------------------------------------------------------------
| Tool Version : Vivado v.2019.1 (lin64) Build 2552052 Fri May 24 14:47:09 MDT 2019
| Date         : Fri Feb 26 19:29:20 2021
| Host         : wilson-VirtualBox running 64-bit Ubuntu 18.04.4 LTS
| Command      : upgrade_ip
| Device       : xc7z020clg484-1
------------------------------------------------------------------------------------

Upgrade Log for IP 'W2812b_design_1_myW2812bDesignIP_3_0'

1. Summary
----------

SUCCESS in the upgrade of W2812b_design_1_myW2812bDesignIP_3_0 (xilinx.com:user:myW2812bDesignIP:1.0) from (Rev. 35) to (Rev. 37)






Copyright 1986-2019 Xilinx, Inc. All Rights Reserved.
------------------------------------------------------------------------------------
| Tool Version : Vivado v.2019.1 (lin64) Build 2552052 Fri May 24 14:47:09 MDT 2019
| Date         : Fri Feb 26 19:29:19 2021
| Host         : wilson-VirtualBox running 64-bit Ubuntu 18.04.4 LTS
| Command      : upgrade_ip
| Device       : xc7z020clg484-1
------------------------------------------------------------------------------------

Upgrade Log for IP 'W2812b_design_1_myW2812bDesignIP_2_0'

1. Summary
----------

SUCCESS in the upgrade of W2812b_design_1_myW2812bDesignIP_2_0 (xilinx.com:user:myW2812bDesignIP:1.0) from (Rev. 35) to (Rev. 37)






Copyright 1986-2019 Xilinx, Inc. All Rights Reserved.
------------------------------------------------------------------------------------
| Tool Version : Vivado v.2019.1 (lin64) Build 2552052 Fri May 24 14:47:09 MDT 2019
| Date         : Fri Feb 26 19:29:19 2021
| Host         : wilson-VirtualBox running 64-bit Ubuntu 18.04.4 LTS
| Command      : upgrade_ip
| Device       : xc7z020clg484-1
------------------------------------------------------------------------------------

Upgrade Log for IP 'W2812b_design_1_myW2812bDesignIP_1_0'

1. Summary
----------

SUCCESS in the upgrade of W2812b_design_1_myW2812bDesignIP_1_0 (xilinx.com:user:myW2812bDesignIP:1.0) from (Rev. 35) to (Rev. 37)






Copyright 1986-2019 Xilinx, Inc. All Rights Reserved.
------------------------------------------------------------------------------------
| Tool Version : Vivado v.2019.1 (lin64) Build 2552052 Fri May 24 14:47:09 MDT 2019
| Date         : Fri Feb 26 19:29:19 2021
| Host         : wilson-VirtualBox running 64-bit Ubuntu 18.04.4 LTS
| Command      : upgrade_ip
| Device       : xc7z020clg484-1
------------------------------------------------------------------------------------

Upgrade Log for IP 'W2812b_design_1_myW2812bDesignIP_0_1'

1. Summary
----------

SUCCESS in the upgrade of W2812b_design_1_myW2812bDesignIP_0_1 (xilinx.com:user:myW2812bDesignIP:1.0) from (Rev. 35) to (Rev. 37)






Copyright 1986-2019 Xilinx, Inc. All Rights Reserved.
------------------------------------------------------------------------------------
| Tool Version : Vivado v.2019.1 (win64) Build 2552052 Fri May 24 14:49:42 MDT 2019
| Date         : Thu Jan  7 13:10:52 2021
| Host         : DESKTOP-E6EETME running 64-bit major release  (build 9200)
| Command      : upgrade_ip
| Device       : xc7z020clg484-1
------------------------------------------------------------------------------------

Upgrade Log for IP 'W2812b_design_1_myW2812bDesignIP_0_1'

1. Summary
----------

SUCCESS in the upgrade of W2812b_design_1_myW2812bDesignIP_0_1 (xilinx.com:user:myW2812bDesignIP:1.0) from (Rev. 33) to (Rev. 35)






Copyright 1986-2019 Xilinx, Inc. All Rights Reserved.
------------------------------------------------------------------------------------
| Tool Version : Vivado v.2019.1 (win64) Build 2552052 Fri May 24 14:49:42 MDT 2019
| Date         : Fri Dec  4 19:15:10 2020
| Host         : DESKTOP-E6EETME running 64-bit major release  (build 9200)
| Command      : upgrade_ip
| Device       : xc7z020clg484-1
------------------------------------------------------------------------------------

Upgrade Log for IP 'W2812b_design_1_myW2812bDesignIP_0_1'

1. Summary
----------

SUCCESS in the upgrade of W2812b_design_1_myW2812bDesignIP_0_1 (xilinx.com:user:myW2812bDesignIP:1.0) from (Rev. 30) to (Rev. 33)






Copyright 1986-2019 Xilinx, Inc. All Rights Reserved.
------------------------------------------------------------------------------------
| Tool Version : Vivado v.2019.1 (win64) Build 2552052 Fri May 24 14:49:42 MDT 2019
| Date         : Fri Dec  4 18:28:17 2020
| Host         : DESKTOP-E6EETME running 64-bit major release  (build 9200)
| Command      : upgrade_ip
| Device       : xc7z020clg484-1
------------------------------------------------------------------------------------

Upgrade Log for IP 'W2812b_design_1_myW2812bDesignIP_0_1'

1. Summary
----------

SUCCESS in the upgrade of W2812b_design_1_myW2812bDesignIP_0_1 (xilinx.com:user:myW2812bDesignIP:1.0) from (Rev. 29) to (Rev. 30)






Copyright 1986-2019 Xilinx, Inc. All Rights Reserved.
------------------------------------------------------------------------------------
| Tool Version : Vivado v.2019.1 (win64) Build 2552052 Fri May 24 14:49:42 MDT 2019
| Date         : Fri Dec  4 17:38:40 2020
| Host         : DESKTOP-E6EETME running 64-bit major release  (build 9200)
| Command      : upgrade_ip
| Device       : xc7z020clg484-1
------------------------------------------------------------------------------------

Upgrade Log for IP 'W2812b_design_1_myW2812bDesignIP_0_1'

1. Summary
----------

SUCCESS in the upgrade of W2812b_design_1_myW2812bDesignIP_0_1 (xilinx.com:user:myW2812bDesignIP:1.0) from (Rev. 27) to (Rev. 29)






Copyright 1986-2019 Xilinx, Inc. All Rights Reserved.
------------------------------------------------------------------------------------
| Tool Version : Vivado v.2019.1 (win64) Build 2552052 Fri May 24 14:49:42 MDT 2019
| Date         : Fri Dec  4 17:07:41 2020
| Host         : DESKTOP-E6EETME running 64-bit major release  (build 9200)
| Command      : upgrade_ip
| Device       : xc7z020clg484-1
------------------------------------------------------------------------------------

Upgrade Log for IP 'W2812b_design_1_myW2812bDesignIP_0_1'

1. Summary
----------

SUCCESS in the upgrade of W2812b_design_1_myW2812bDesignIP_0_1 (xilinx.com:user:myW2812bDesignIP:1.0) from (Rev. 26) to (Rev. 27)






Copyright 1986-2019 Xilinx, Inc. All Rights Reserved.
------------------------------------------------------------------------------------
| Tool Version : Vivado v.2019.1 (win64) Build 2552052 Fri May 24 14:49:42 MDT 2019
| Date         : Fri Dec  4 15:48:52 2020
| Host         : DESKTOP-E6EETME running 64-bit major release  (build 9200)
| Command      : upgrade_ip
| Device       : xc7z020clg484-1
------------------------------------------------------------------------------------

Upgrade Log for IP 'W2812b_design_1_myW2812bDesignIP_0_1'

1. Summary
----------

SUCCESS in the upgrade of W2812b_design_1_myW2812bDesignIP_0_1 (xilinx.com:user:myW2812bDesignIP:1.0) from (Rev. 25) to (Rev. 26)






Copyright 1986-2019 Xilinx, Inc. All Rights Reserved.
------------------------------------------------------------------------------------
| Tool Version : Vivado v.2019.1 (win64) Build 2552052 Fri May 24 14:49:42 MDT 2019
| Date         : Fri Dec  4 15:17:14 2020
| Host         : DESKTOP-E6EETME running 64-bit major release  (build 9200)
| Command      : upgrade_ip
| Device       : xc7z020clg484-1
------------------------------------------------------------------------------------

Upgrade Log for IP 'W2812b_design_1_myW2812bDesignIP_0_1'

1. Summary
----------

SUCCESS in the upgrade of W2812b_design_1_myW2812bDesignIP_0_1 (xilinx.com:user:myW2812bDesignIP:1.0) from (Rev. 23) to (Rev. 25)






Copyright 1986-2019 Xilinx, Inc. All Rights Reserved.
------------------------------------------------------------------------------------
| Tool Version : Vivado v.2019.1 (win64) Build 2552052 Fri May 24 14:49:42 MDT 2019
| Date         : Fri Dec  4 14:30:06 2020
| Host         : DESKTOP-E6EETME running 64-bit major release  (build 9200)
| Command      : upgrade_ip
| Device       : xc7z020clg484-1
------------------------------------------------------------------------------------

Upgrade Log for IP 'W2812b_design_1_myW2812bDesignIP_0_1'

1. Summary
----------

SUCCESS in the upgrade of W2812b_design_1_myW2812bDesignIP_0_1 (xilinx.com:user:myW2812bDesignIP:1.0) from (Rev. 21) to (Rev. 23)






Copyright 1986-2019 Xilinx, Inc. All Rights Reserved.
------------------------------------------------------------------------------------
| Tool Version : Vivado v.2019.1 (win64) Build 2552052 Fri May 24 14:49:42 MDT 2019
| Date         : Fri Dec  4 13:58:40 2020
| Host         : DESKTOP-E6EETME running 64-bit major release  (build 9200)
| Command      : upgrade_ip
| Device       : xc7z020clg484-1
------------------------------------------------------------------------------------

Upgrade Log for IP 'W2812b_design_1_myW2812bDesignIP_0_1'

1. Summary
----------

SUCCESS in the upgrade of W2812b_design_1_myW2812bDesignIP_0_1 (xilinx.com:user:myW2812bDesignIP:1.0) from (Rev. 19) to (Rev. 21)






Copyright 1986-2019 Xilinx, Inc. All Rights Reserved.
------------------------------------------------------------------------------------
| Tool Version : Vivado v.2019.1 (win64) Build 2552052 Fri May 24 14:49:42 MDT 2019
| Date         : Fri Dec  4 13:35:00 2020
| Host         : DESKTOP-E6EETME running 64-bit major release  (build 9200)
| Command      : upgrade_ip
| Device       : xc7z020clg484-1
------------------------------------------------------------------------------------

Upgrade Log for IP 'W2812b_design_1_myW2812bDesignIP_0_1'

1. Summary
----------

SUCCESS in the upgrade of W2812b_design_1_myW2812bDesignIP_0_1 (xilinx.com:user:myW2812bDesignIP:1.0) from (Rev. 16) to (Rev. 19)






Copyright 1986-2019 Xilinx, Inc. All Rights Reserved.
------------------------------------------------------------------------------------
| Tool Version : Vivado v.2019.1 (win64) Build 2552052 Fri May 24 14:49:42 MDT 2019
| Date         : Fri Dec  4 13:34:26 2020
| Host         : DESKTOP-E6EETME running 64-bit major release  (build 9200)
| Command      : upgrade_ip
| Device       : xc7z020clg484-1
------------------------------------------------------------------------------------

Upgrade Log for IP 'W2812b_design_1_myW2812bDesignIP_0_1'

1. Summary
----------

SUCCESS in the conversion of W2812b_design_1_myW2812bDesignIP_0_1 (xilinx.com:user:myW2812bDesignIP:1.0 (Rev. 16)) to Vivado generation flows.






Copyright 1986-2019 Xilinx, Inc. All Rights Reserved.
------------------------------------------------------------------------------------
| Tool Version : Vivado v.2019.1 (win64) Build 2552052 Fri May 24 14:49:42 MDT 2019
| Date         : Fri Dec  4 12:07:15 2020
| Host         : DESKTOP-E6EETME running 64-bit major release  (build 9200)
| Command      : upgrade_ip
| Device       : xc7z020clg484-1
------------------------------------------------------------------------------------

Upgrade Log for IP 'W2812b_design_1_myW2812bDesignIP_0_1'

1. Summary
----------

SUCCESS in the upgrade of W2812b_design_1_myW2812bDesignIP_0_1 (xilinx.com:user:myW2812bDesignIP:1.0) from (Rev. 15) to (Rev. 16)






Copyright 1986-2019 Xilinx, Inc. All Rights Reserved.
------------------------------------------------------------------------------------
| Tool Version : Vivado v.2019.1 (win64) Build 2552052 Fri May 24 14:49:42 MDT 2019
| Date         : Fri Dec  4 12:05:59 2020
| Host         : DESKTOP-E6EETME running 64-bit major release  (build 9200)
| Command      : upgrade_ip
| Device       : xc7z020clg484-1
------------------------------------------------------------------------------------

Upgrade Log for IP 'W2812b_design_1_myW2812bDesignIP_0_1'

1. Summary
----------

SUCCESS in the conversion of W2812b_design_1_myW2812bDesignIP_0_1 (xilinx.com:user:myW2812bDesignIP:1.0 (Rev. 15)) to Vivado generation flows.






Copyright 1986-2019 Xilinx, Inc. All Rights Reserved.
------------------------------------------------------------------------------------
| Tool Version : Vivado v.2019.1 (win64) Build 2552052 Fri May 24 14:49:42 MDT 2019
| Date         : Thu Dec  3 19:17:27 2020
| Host         : DESKTOP-E6EETME running 64-bit major release  (build 9200)
| Command      : upgrade_ip
| Device       : xc7z020clg484-1
------------------------------------------------------------------------------------

Upgrade Log for IP 'W2812b_design_1_myW2812bDesignIP_0_1'

1. Summary
----------

SUCCESS in the conversion of W2812b_design_1_myW2812bDesignIP_0_1 (xilinx.com:user:myW2812bDesignIP:1.0 (Rev. 15)) to Vivado generation flows.






Copyright 1986-2019 Xilinx, Inc. All Rights Reserved.
------------------------------------------------------------------------------------
| Tool Version : Vivado v.2019.1 (win64) Build 2552052 Fri May 24 14:49:42 MDT 2019
| Date         : Thu Dec  3 19:13:00 2020
| Host         : DESKTOP-E6EETME running 64-bit major release  (build 9200)
| Command      : upgrade_ip
| Device       : xc7z020clg484-1
------------------------------------------------------------------------------------

Upgrade Log for IP 'W2812b_design_1_myW2812bDesignIP_0_1'

1. Summary
----------

CAUTION (success, with warnings) in the upgrade of W2812b_design_1_myW2812bDesignIP_0_1 (xilinx.com:user:myW2812bDesignIP:1.0) from (Rev. 13) to (Rev. 15)

After upgrade, an IP may have parameter differences compared to the original customization. Please review the parameters within the IP customization GUI to ensure proper functionality.

2. Customization warnings
-------------------------

Parameter 'number_leds' is no longer present on the upgraded IP 'W2812b_design_1_myW2812bDesignIP_0_1', and cannot be set to '8'


3. Debug Commands
-----------------

  The following debug information can be passed to Vivado as Tcl commands,
in order to validate or debug the output of the upgrade flow.
  You may consult any warnings from within this upgrade, and alter or remove
the configuration parameter(s) which caused the warning; then execute the Tcl
commands, and use the IP Customization GUI to verify the IP configuration.

create_ip -vlnv xilinx.com:user:myW2812bDesignIP:1.0 -user_name W2812b_design_1_myW2812bDesignIP_0_1
set_property -dict "\
  CONFIG.C_S00_AXI_ADDR_WIDTH {4} \
  CONFIG.C_S00_AXI_BASEADDR {0xFFFFFFFF} \
  CONFIG.C_S00_AXI_DATA_WIDTH {32} \
  CONFIG.C_S00_AXI_HIGHADDR {0x00000000} \
  CONFIG.Component_Name {W2812b_design_1_myW2812bDesignIP_0_1} \
  CONFIG.S00_AXI.ADDR_WIDTH {4} \
  CONFIG.S00_AXI.ARUSER_WIDTH {0} \
  CONFIG.S00_AXI.AWUSER_WIDTH {0} \
  CONFIG.S00_AXI.BUSER_WIDTH {0} \
  CONFIG.S00_AXI.CLK_DOMAIN {W2812b_design_1_processing_system7_0_0_FCLK_CLK0} \
  CONFIG.S00_AXI.DATA_WIDTH {32} \
  CONFIG.S00_AXI.FREQ_HZ {100000000} \
  CONFIG.S00_AXI.HAS_BRESP {1} \
  CONFIG.S00_AXI.HAS_BURST {0} \
  CONFIG.S00_AXI.HAS_CACHE {0} \
  CONFIG.S00_AXI.HAS_LOCK {0} \
  CONFIG.S00_AXI.HAS_PROT {1} \
  CONFIG.S00_AXI.HAS_QOS {0} \
  CONFIG.S00_AXI.HAS_REGION {0} \
  CONFIG.S00_AXI.HAS_RRESP {1} \
  CONFIG.S00_AXI.HAS_WSTRB {1} \
  CONFIG.S00_AXI.ID_WIDTH {0} \
  CONFIG.S00_AXI.INSERT_VIP {0} \
  CONFIG.S00_AXI.MAX_BURST_LENGTH {1} \
  CONFIG.S00_AXI.NUM_READ_OUTSTANDING {2} \
  CONFIG.S00_AXI.NUM_READ_THREADS {1} \
  CONFIG.S00_AXI.NUM_WRITE_OUTSTANDING {2} \
  CONFIG.S00_AXI.NUM_WRITE_THREADS {1} \
  CONFIG.S00_AXI.PHASE {0.000} \
  CONFIG.S00_AXI.PROTOCOL {AXI4LITE} \
  CONFIG.S00_AXI.READ_WRITE_MODE {READ_WRITE} \
  CONFIG.S00_AXI.RUSER_BITS_PER_BYTE {0} \
  CONFIG.S00_AXI.RUSER_WIDTH {0} \
  CONFIG.S00_AXI.SUPPORTS_NARROW_BURST {0} \
  CONFIG.S00_AXI.WIZ_DATA_WIDTH {32} \
  CONFIG.S00_AXI.WIZ_NUM_REG {4} \
  CONFIG.S00_AXI.WUSER_BITS_PER_BYTE {0} \
  CONFIG.S00_AXI.WUSER_WIDTH {0} \
  CONFIG.S00_AXI_CLK.ASSOCIATED_BUSIF {S00_AXI} \
  CONFIG.S00_AXI_CLK.ASSOCIATED_RESET {s00_axi_aresetn} \
  CONFIG.S00_AXI_CLK.CLK_DOMAIN {W2812b_design_1_processing_system7_0_0_FCLK_CLK0} \
  CONFIG.S00_AXI_CLK.FREQ_HZ {100000000} \
  CONFIG.S00_AXI_CLK.INSERT_VIP {0} \
  CONFIG.S00_AXI_CLK.PHASE {0.000} \
  CONFIG.S00_AXI_RST.INSERT_VIP {0} \
  CONFIG.S00_AXI_RST.POLARITY {ACTIVE_LOW} " [get_ips W2812b_design_1_myW2812bDesignIP_0_1]







Copyright 1986-2019 Xilinx, Inc. All Rights Reserved.
------------------------------------------------------------------------------------
| Tool Version : Vivado v.2019.1 (win64) Build 2552052 Fri May 24 14:49:42 MDT 2019
| Date         : Thu Dec  3 17:15:45 2020
| Host         : DESKTOP-E6EETME running 64-bit major release  (build 9200)
| Command      : upgrade_ip
| Device       : xc7z020clg484-1
------------------------------------------------------------------------------------

Upgrade Log for IP 'W2812b_design_1_myW2812bDesignIP_0_1'

1. Summary
----------

SUCCESS in the upgrade of W2812b_design_1_myW2812bDesignIP_0_1 (xilinx.com:user:myW2812bDesignIP:1.0) from (Rev. 12) to (Rev. 13)






Copyright 1986-2019 Xilinx, Inc. All Rights Reserved.
------------------------------------------------------------------------------------
| Tool Version : Vivado v.2019.1 (win64) Build 2552052 Fri May 24 14:49:42 MDT 2019
| Date         : Thu Dec  3 16:53:58 2020
| Host         : DESKTOP-E6EETME running 64-bit major release  (build 9200)
| Command      : upgrade_ip
| Device       : xc7z020clg484-1
------------------------------------------------------------------------------------

Upgrade Log for IP 'W2812b_design_1_myW2812bDesignIP_0_1'

1. Summary
----------

SUCCESS in the upgrade of W2812b_design_1_myW2812bDesignIP_0_1 (xilinx.com:user:myW2812bDesignIP:1.0) from (Rev. 11) to (Rev. 12)






Copyright 1986-2019 Xilinx, Inc. All Rights Reserved.
------------------------------------------------------------------------------------
| Tool Version : Vivado v.2019.1 (win64) Build 2552052 Fri May 24 14:49:42 MDT 2019
| Date         : Thu Dec  3 16:49:35 2020
| Host         : DESKTOP-E6EETME running 64-bit major release  (build 9200)
| Command      : upgrade_ip
| Device       : xc7z020clg484-1
------------------------------------------------------------------------------------

Upgrade Log for IP 'W2812b_design_1_myW2812bDesignIP_0_1'

1. Summary
----------

SUCCESS in the upgrade of W2812b_design_1_myW2812bDesignIP_0_1 (xilinx.com:user:myW2812bDesignIP:1.0) from (Rev. 8) to (Rev. 11)






Copyright 1986-2019 Xilinx, Inc. All Rights Reserved.
------------------------------------------------------------------------------------
| Tool Version : Vivado v.2019.1 (win64) Build 2552052 Fri May 24 14:49:42 MDT 2019
| Date         : Thu Dec  3 16:13:16 2020
| Host         : DESKTOP-E6EETME running 64-bit major release  (build 9200)
| Command      : upgrade_ip
| Device       : xc7z020clg484-1
------------------------------------------------------------------------------------

Upgrade Log for IP 'W2812b_design_1_myW2812bDesignIP_0_1'

1. Summary
----------

SUCCESS in the upgrade of W2812b_design_1_myW2812bDesignIP_0_1 (xilinx.com:user:myW2812bDesignIP:1.0) from (Rev. 6) to (Rev. 8)






Copyright 1986-2019 Xilinx, Inc. All Rights Reserved.
------------------------------------------------------------------------------------
| Tool Version : Vivado v.2019.1 (win64) Build 2552052 Fri May 24 14:49:42 MDT 2019
| Date         : Thu Dec  3 16:02:58 2020
| Host         : DESKTOP-E6EETME running 64-bit major release  (build 9200)
| Command      : upgrade_ip
| Device       : xc7z020clg484-1
------------------------------------------------------------------------------------

Upgrade Log for IP 'W2812b_design_1_myW2812bDesignIP_0_1'

1. Summary
----------

SUCCESS in the conversion of W2812b_design_1_myW2812bDesignIP_0_1 (xilinx.com:user:myW2812bDesignIP:1.0 (Rev. 6)) to Vivado generation flows.






Copyright 1986-2019 Xilinx, Inc. All Rights Reserved.
------------------------------------------------------------------------------------
| Tool Version : Vivado v.2019.1 (win64) Build 2552052 Fri May 24 14:49:42 MDT 2019
| Date         : Thu Dec  3 15:42:27 2020
| Host         : DESKTOP-E6EETME running 64-bit major release  (build 9200)
| Command      : upgrade_ip
| Device       : xc7z020clg484-1
------------------------------------------------------------------------------------

Upgrade Log for IP 'W2812b_design_1_myW2812bDesignIP_0_1'

1. Summary
----------

SUCCESS in the conversion of W2812b_design_1_myW2812bDesignIP_0_1 (xilinx.com:user:myW2812bDesignIP:1.0 (Rev. 6)) to Vivado generation flows.






Copyright 1986-2019 Xilinx, Inc. All Rights Reserved.
------------------------------------------------------------------------------------
| Tool Version : Vivado v.2019.1 (win64) Build 2552052 Fri May 24 14:49:42 MDT 2019
| Date         : Thu Dec  3 12:19:53 2020
| Host         : DESKTOP-E6EETME running 64-bit major release  (build 9200)
| Command      : upgrade_ip
| Device       : xc7z020clg484-1
------------------------------------------------------------------------------------

Upgrade Log for IP 'W2812b_design_1_myW2812bDesignIP_0_1'

1. Summary
----------

SUCCESS in the conversion of W2812b_design_1_myW2812bDesignIP_0_1 (xilinx.com:user:myW2812bDesignIP:1.0 (Rev. 6)) to Vivado generation flows.






Copyright 1986-2019 Xilinx, Inc. All Rights Reserved.
------------------------------------------------------------------------------------
| Tool Version : Vivado v.2019.1 (win64) Build 2552052 Fri May 24 14:49:42 MDT 2019
| Date         : Thu Dec  3 10:45:05 2020
| Host         : DESKTOP-E6EETME running 64-bit major release  (build 9200)
| Command      : upgrade_ip
| Device       : xc7z020clg484-1
------------------------------------------------------------------------------------

Upgrade Log for IP 'W2812b_design_1_myW2812bDesignIP_0_1'

1. Summary
----------

SUCCESS in the conversion of W2812b_design_1_myW2812bDesignIP_0_1 (xilinx.com:user:myW2812bDesignIP:1.0 (Rev. 6)) to Vivado generation flows.






Copyright 1986-2019 Xilinx, Inc. All Rights Reserved.
------------------------------------------------------------------------------------
| Tool Version : Vivado v.2019.1 (win64) Build 2552052 Fri May 24 14:49:42 MDT 2019
| Date         : Thu Nov 26 20:28:57 2020
| Host         : DESKTOP-E6EETME running 64-bit major release  (build 9200)
| Command      : upgrade_ip
| Device       : xc7z020clg484-1
------------------------------------------------------------------------------------

Upgrade Log for IP 'W2812b_design_1_myW2812bDesignIP_0_1'

1. Summary
----------

SUCCESS in the upgrade of W2812b_design_1_myW2812bDesignIP_0_1 (xilinx.com:user:myW2812bDesignIP:1.0) from (Rev. 4) to (Rev. 6)






Copyright 1986-2019 Xilinx, Inc. All Rights Reserved.
------------------------------------------------------------------------------------
| Tool Version : Vivado v.2019.1 (win64) Build 2552052 Fri May 24 14:49:42 MDT 2019
| Date         : Thu Nov 26 19:56:54 2020
| Host         : DESKTOP-E6EETME running 64-bit major release  (build 9200)
| Command      : upgrade_ip
| Device       : xc7z020clg484-1
------------------------------------------------------------------------------------

Upgrade Log for IP 'W2812b_design_1_myW2812bDesignIP_0_1'

1. Summary
----------

SUCCESS in the upgrade of W2812b_design_1_myW2812bDesignIP_0_1 (xilinx.com:user:myW2812bDesignIP:1.0) from (Rev. 2) to (Rev. 4)






Copyright 1986-2019 Xilinx, Inc. All Rights Reserved.
------------------------------------------------------------------------------------
| Tool Version : Vivado v.2019.1 (win64) Build 2552052 Fri May 24 14:49:42 MDT 2019
| Date         : Thu Nov 26 19:40:11 2020
| Host         : DESKTOP-E6EETME running 64-bit major release  (build 9200)
| Command      : upgrade_ip
| Device       : xc7z020clg484-1
------------------------------------------------------------------------------------

Upgrade Log for IP 'W2812b_design_1_myW2812bDesignIP_0_1'

1. Summary
----------

SUCCESS in the conversion of W2812b_design_1_myW2812bDesignIP_0_1 (xilinx.com:user:myW2812bDesignIP:1.0 (Rev. 2)) to Vivado generation flows.






Copyright 1986-2019 Xilinx, Inc. All Rights Reserved.
------------------------------------------------------------------------------------
| Tool Version : Vivado v.2019.1 (win64) Build 2552052 Fri May 24 14:49:42 MDT 2019
| Date         : Thu Nov 26 14:24:05 2020
| Host         : DESKTOP-E6EETME running 64-bit major release  (build 9200)
| Command      : upgrade_ip
| Device       : xc7z020clg484-1
------------------------------------------------------------------------------------

Upgrade Log for IP 'W2812b_design_1_myW2812bDesignIP_0_1'

1. Summary
----------

SUCCESS in the conversion of W2812b_design_1_myW2812bDesignIP_0_1 (xilinx.com:user:myW2812bDesignIP:1.0 (Rev. 2)) to Vivado generation flows.

