#-----------------------------------------------------------
# Vivado v2019.1 (64-bit)
# SW Build 2552052 on Fri May 24 14:49:42 MDT 2019
# IP Build 2548770 on Fri May 24 18:01:18 MDT 2019
# Start of session at: Fri Dec  4 16:16:16 2020
# Process ID: 9208
# Current directory: C:/Users/wilson/Documents/Project/my_w2812b_Project/W2812bDesignIP_INTEGRATED
# Command line: vivado.exe -gui_launcher_event rodinguilauncherevent3876 C:\Users\wilson\Documents\Project\my_w2812b_Project\W2812bDesignIP_INTEGRATED\W2812bDesignIP_INTEGRATED.xpr
# Log file: C:/Users/wilson/Documents/Project/my_w2812b_Project/W2812bDesignIP_INTEGRATED/vivado.log
# Journal file: C:/Users/wilson/Documents/Project/my_w2812b_Project/W2812bDesignIP_INTEGRATED\vivado.jou
#-----------------------------------------------------------
start_gui
open_project C:/Users/wilson/Documents/Project/my_w2812b_Project/W2812bDesignIP_INTEGRATED/W2812bDesignIP_INTEGRATED.xpr
Scanning sources...
Finished scanning sources
INFO: [IP_Flow 19-234] Refreshing IP repositories
INFO: [IP_Flow 19-1700] Loaded user IP repository 'c:/Users/wilson/Documents/Project/my_w2812b_Project/ip_repo/myW2812bDesignIP_1.0'.
INFO: [IP_Flow 19-2313] Loaded Vivado IP repository 'C:/Xilinx/Vivado/2019.1/data/ip'.
open_project: Time (s): cpu = 00:00:14 ; elapsed = 00:00:06 . Memory (MB): peak = 791.742 ; gain = 109.207
update_compile_order -fileset sources_1
file copy -force C:/Users/wilson/Documents/Project/my_w2812b_Project/W2812bDesignIP_INTEGRATED/W2812bDesignIP_INTEGRATED.runs/impl_1/W2812b_design_1_wrapper.sysdef C:/Users/wilson/Documents/Project/my_w2812b_Project/W2812bDesignIP_INTEGRATED/W2812bDesignIP_INTEGRATED.sdk/W2812b_design_1_wrapper.hdf

launch_sdk -workspace C:/Users/wilson/Documents/Project/my_w2812b_Project/W2812bDesignIP_INTEGRATED/W2812bDesignIP_INTEGRATED.sdk -hwspec C:/Users/wilson/Documents/Project/my_w2812b_Project/W2812bDesignIP_INTEGRATED/W2812bDesignIP_INTEGRATED.sdk/W2812b_design_1_wrapper.hdf
INFO: [Vivado 12-393] Launching SDK...
INFO: [Vivado 12-417] Running xsdk -workspace C:/Users/wilson/Documents/Project/my_w2812b_Project/W2812bDesignIP_INTEGRATED/W2812bDesignIP_INTEGRATED.sdk -hwspec C:/Users/wilson/Documents/Project/my_w2812b_Project/W2812bDesignIP_INTEGRATED/W2812bDesignIP_INTEGRATED.sdk/W2812b_design_1_wrapper.hdf
INFO: [Vivado 12-3157] SDK launch initiated. Please check console for any further messages.
exit
INFO: [Common 17-206] Exiting Vivado at Fri Dec  4 16:22:03 2020...
