#-----------------------------------------------------------
# Vivado v2019.1 (64-bit)
# SW Build 2552052 on Fri May 24 14:49:42 MDT 2019
# IP Build 2548770 on Fri May 24 18:01:18 MDT 2019
# Start of session at: Thu Nov 26 19:38:18 2020
# Process ID: 10808
# Current directory: C:/Users/wilson/Documents/Project/my_w2812b_Project/W2812bDesignIP_INTEGRATED
# Command line: vivado.exe -gui_launcher_event rodinguilauncherevent10540 C:\Users\wilson\Documents\Project\my_w2812b_Project\W2812bDesignIP_INTEGRATED\W2812bDesignIP_INTEGRATED.xpr
# Log file: C:/Users/wilson/Documents/Project/my_w2812b_Project/W2812bDesignIP_INTEGRATED/vivado.log
# Journal file: C:/Users/wilson/Documents/Project/my_w2812b_Project/W2812bDesignIP_INTEGRATED\vivado.jou
#-----------------------------------------------------------
start_gui
open_project C:/Users/wilson/Documents/Project/my_w2812b_Project/W2812bDesignIP_INTEGRATED/W2812bDesignIP_INTEGRATED.xpr
Scanning sources...
Finished scanning sources
INFO: [IP_Flow 19-234] Refreshing IP repositories
INFO: [IP_Flow 19-1700] Loaded user IP repository 'c:/Users/wilson/Documents/Project/my_w2812b_Project/ip_repo/myW2812bDesignIP_1.0'.
INFO: [IP_Flow 19-2313] Loaded Vivado IP repository 'C:/Xilinx/Vivado/2019.1/data/ip'.
WARNING: [BD 41-1661] One or more IPs have been locked in the design 'W2812b_design_1.bd'. Please run report_ip_status for more details and recommendations on how to fix this issue.
List of locked IPs:
W2812b_design_1_myW2812bDesignIP_0_1

open_project: Time (s): cpu = 00:00:15 ; elapsed = 00:00:06 . Memory (MB): peak = 784.438 ; gain = 109.641
update_compile_order -fileset sources_1
open_bd_design {C:/Users/wilson/Documents/Project/my_w2812b_Project/W2812bDesignIP_INTEGRATED/W2812bDesignIP_INTEGRATED.srcs/sources_1/bd/W2812b_design_1/W2812b_design_1.bd}
Adding component instance block -- xilinx.com:ip:processing_system7:5.5 - processing_system7_0
Adding component instance block -- xilinx.com:ip:axi_interconnect:2.1 - ps7_0_axi_periph
Adding component instance block -- xilinx.com:ip:axi_crossbar:2.1 - xbar
Adding component instance block -- xilinx.com:ip:axi_protocol_converter:2.1 - auto_pc
Adding component instance block -- xilinx.com:ip:proc_sys_reset:5.0 - rst_ps7_0_100M
Adding component instance block -- xilinx.com:ip:axi_gpio:2.0 - axi_gpio_0
Adding component instance block -- xilinx.com:ip:axi_gpio:2.0 - axi_gpio_1
Adding component instance block -- xilinx.com:user:myW2812bDesignIP:1.0 - myW2812bDesignIP_0
Successfully read diagram <W2812b_design_1> from BD file <C:/Users/wilson/Documents/Project/my_w2812b_Project/W2812bDesignIP_INTEGRATED/W2812bDesignIP_INTEGRATED.srcs/sources_1/bd/W2812b_design_1/W2812b_design_1.bd>
open_bd_design: Time (s): cpu = 00:00:12 ; elapsed = 00:00:10 . Memory (MB): peak = 944.730 ; gain = 61.375
open_bd_design {C:/Users/wilson/Documents/Project/my_w2812b_Project/W2812bDesignIP_INTEGRATED/W2812bDesignIP_INTEGRATED.srcs/sources_1/bd/W2812b_design_1/W2812b_design_1.bd}
close_bd_design [get_bd_designs W2812b_design_1]
open_bd_design {C:/Users/wilson/Documents/Project/my_w2812b_Project/W2812bDesignIP_INTEGRATED/W2812bDesignIP_INTEGRATED.srcs/sources_1/bd/W2812b_design_1/W2812b_design_1.bd}
Adding component instance block -- xilinx.com:ip:processing_system7:5.5 - processing_system7_0
Adding component instance block -- xilinx.com:ip:axi_interconnect:2.1 - ps7_0_axi_periph
Adding component instance block -- xilinx.com:ip:axi_crossbar:2.1 - xbar
Adding component instance block -- xilinx.com:ip:axi_protocol_converter:2.1 - auto_pc
Adding component instance block -- xilinx.com:ip:proc_sys_reset:5.0 - rst_ps7_0_100M
Adding component instance block -- xilinx.com:ip:axi_gpio:2.0 - axi_gpio_0
Adding component instance block -- xilinx.com:ip:axi_gpio:2.0 - axi_gpio_1
Adding component instance block -- xilinx.com:user:myW2812bDesignIP:1.0 - myW2812bDesignIP_0
Successfully read diagram <W2812b_design_1> from BD file <C:/Users/wilson/Documents/Project/my_w2812b_Project/W2812bDesignIP_INTEGRATED/W2812bDesignIP_INTEGRATED.srcs/sources_1/bd/W2812b_design_1/W2812b_design_1.bd>
report_ip_status -name ip_status 
upgrade_ip -vlnv xilinx.com:user:myW2812bDesignIP:1.0 [get_ips  W2812b_design_1_myW2812bDesignIP_0_1] -log ip_upgrade.log
Upgrading 'C:/Users/wilson/Documents/Project/my_w2812b_Project/W2812bDesignIP_INTEGRATED/W2812bDesignIP_INTEGRATED.srcs/sources_1/bd/W2812b_design_1/W2812b_design_1.bd'
INFO: [IP_Flow 19-3420] Updated W2812b_design_1_myW2812bDesignIP_0_1 to use current project options
Wrote  : <C:\Users\wilson\Documents\Project\my_w2812b_Project\W2812bDesignIP_INTEGRATED\W2812bDesignIP_INTEGRATED.srcs\sources_1\bd\W2812b_design_1\W2812b_design_1.bd> 
Wrote  : <C:/Users/wilson/Documents/Project/my_w2812b_Project/W2812bDesignIP_INTEGRATED/W2812bDesignIP_INTEGRATED.srcs/sources_1/bd/W2812b_design_1/ui/bd_556444eb.ui> 
INFO: [Coretcl 2-1525] Wrote upgrade log to 'C:/Users/wilson/Documents/Project/my_w2812b_Project/W2812bDesignIP_INTEGRATED/ip_upgrade.log'.
export_ip_user_files -of_objects [get_ips W2812b_design_1_myW2812bDesignIP_0_1] -no_script -sync -force -quiet
regenerate_bd_layout
validate_bd_design
generate_target all [get_files  C:/Users/wilson/Documents/Project/my_w2812b_Project/W2812bDesignIP_INTEGRATED/W2812bDesignIP_INTEGRATED.srcs/sources_1/bd/W2812b_design_1/W2812b_design_1.bd]
INFO: [BD 41-1662] The design 'W2812b_design_1.bd' is already validated. Therefore parameter propagation will not be re-run.
Wrote  : <C:\Users\wilson\Documents\Project\my_w2812b_Project\W2812bDesignIP_INTEGRATED\W2812bDesignIP_INTEGRATED.srcs\sources_1\bd\W2812b_design_1\W2812b_design_1.bd> 
Wrote  : <C:/Users/wilson/Documents/Project/my_w2812b_Project/W2812bDesignIP_INTEGRATED/W2812bDesignIP_INTEGRATED.srcs/sources_1/bd/W2812b_design_1/ui/bd_556444eb.ui> 
VHDL Output written to : C:/Users/wilson/Documents/Project/my_w2812b_Project/W2812bDesignIP_INTEGRATED/W2812bDesignIP_INTEGRATED.srcs/sources_1/bd/W2812b_design_1/synth/W2812b_design_1.vhd
VHDL Output written to : C:/Users/wilson/Documents/Project/my_w2812b_Project/W2812bDesignIP_INTEGRATED/W2812bDesignIP_INTEGRATED.srcs/sources_1/bd/W2812b_design_1/sim/W2812b_design_1.vhd
VHDL Output written to : C:/Users/wilson/Documents/Project/my_w2812b_Project/W2812bDesignIP_INTEGRATED/W2812bDesignIP_INTEGRATED.srcs/sources_1/bd/W2812b_design_1/hdl/W2812b_design_1_wrapper.vhd
INFO: [BD 41-1029] Generation completed for the IP Integrator block processing_system7_0 .
INFO: [BD 41-1029] Generation completed for the IP Integrator block rst_ps7_0_100M .
INFO: [BD 41-1029] Generation completed for the IP Integrator block ps7_0_axi_periph/xbar .
INFO: [BD 41-1029] Generation completed for the IP Integrator block axi_gpio_0 .
INFO: [BD 41-1029] Generation completed for the IP Integrator block axi_gpio_1 .
INFO: [BD 41-1029] Generation completed for the IP Integrator block myW2812bDesignIP_0 .
WARNING: [IP_Flow 19-4994] Overwriting existing constraint file 'c:/Users/wilson/Documents/Project/my_w2812b_Project/W2812bDesignIP_INTEGRATED/W2812bDesignIP_INTEGRATED.srcs/sources_1/bd/W2812b_design_1/ip/W2812b_design_1_auto_pc_0/W2812b_design_1_auto_pc_0_ooc.xdc'
INFO: [BD 41-1029] Generation completed for the IP Integrator block ps7_0_axi_periph/s00_couplers/auto_pc .
Exporting to file C:/Users/wilson/Documents/Project/my_w2812b_Project/W2812bDesignIP_INTEGRATED/W2812bDesignIP_INTEGRATED.srcs/sources_1/bd/W2812b_design_1/hw_handoff/W2812b_design_1.hwh
Generated Block Design Tcl file C:/Users/wilson/Documents/Project/my_w2812b_Project/W2812bDesignIP_INTEGRATED/W2812bDesignIP_INTEGRATED.srcs/sources_1/bd/W2812b_design_1/hw_handoff/W2812b_design_1_bd.tcl
Generated Hardware Definition File C:/Users/wilson/Documents/Project/my_w2812b_Project/W2812bDesignIP_INTEGRATED/W2812bDesignIP_INTEGRATED.srcs/sources_1/bd/W2812b_design_1/synth/W2812b_design_1.hwdef
export_ip_user_files -of_objects [get_files C:/Users/wilson/Documents/Project/my_w2812b_Project/W2812bDesignIP_INTEGRATED/W2812bDesignIP_INTEGRATED.srcs/sources_1/bd/W2812b_design_1/W2812b_design_1.bd] -no_script -sync -force -quiet
export_simulation -of_objects [get_files C:/Users/wilson/Documents/Project/my_w2812b_Project/W2812bDesignIP_INTEGRATED/W2812bDesignIP_INTEGRATED.srcs/sources_1/bd/W2812b_design_1/W2812b_design_1.bd] -directory C:/Users/wilson/Documents/Project/my_w2812b_Project/W2812bDesignIP_INTEGRATED/W2812bDesignIP_INTEGRATED.ip_user_files/sim_scripts -ip_user_files_dir C:/Users/wilson/Documents/Project/my_w2812b_Project/W2812bDesignIP_INTEGRATED/W2812bDesignIP_INTEGRATED.ip_user_files -ipstatic_source_dir C:/Users/wilson/Documents/Project/my_w2812b_Project/W2812bDesignIP_INTEGRATED/W2812bDesignIP_INTEGRATED.ip_user_files/ipstatic -lib_map_path [list {modelsim=C:/Users/wilson/Documents/Project/my_w2812b_Project/W2812bDesignIP_INTEGRATED/W2812bDesignIP_INTEGRATED.cache/compile_simlib/modelsim} {questa=C:/Users/wilson/Documents/Project/my_w2812b_Project/W2812bDesignIP_INTEGRATED/W2812bDesignIP_INTEGRATED.cache/compile_simlib/questa} {riviera=C:/Users/wilson/Documents/Project/my_w2812b_Project/W2812bDesignIP_INTEGRATED/W2812bDesignIP_INTEGRATED.cache/compile_simlib/riviera} {activehdl=C:/Users/wilson/Documents/Project/my_w2812b_Project/W2812bDesignIP_INTEGRATED/W2812bDesignIP_INTEGRATED.cache/compile_simlib/activehdl}] -use_ip_compiled_libs -force -quiet
make_wrapper -files [get_files C:/Users/wilson/Documents/Project/my_w2812b_Project/W2812bDesignIP_INTEGRATED/W2812bDesignIP_INTEGRATED.srcs/sources_1/bd/W2812b_design_1/W2812b_design_1.bd] -top
reset_run synth_1
launch_runs impl_1 -to_step write_bitstream -jobs 4
[Thu Nov 26 19:42:26 2020] Launched synth_1...
Run output will be captured here: C:/Users/wilson/Documents/Project/my_w2812b_Project/W2812bDesignIP_INTEGRATED/W2812bDesignIP_INTEGRATED.runs/synth_1/runme.log
[Thu Nov 26 19:42:26 2020] Launched impl_1...
Run output will be captured here: C:/Users/wilson/Documents/Project/my_w2812b_Project/W2812bDesignIP_INTEGRATED/W2812bDesignIP_INTEGRATED.runs/impl_1/runme.log
update_ip_catalog -rebuild -scan_changes
INFO: [IP_Flow 19-234] Refreshing IP repositories
INFO: [IP_Flow 19-1700] Loaded user IP repository 'c:/Users/wilson/Documents/Project/my_w2812b_Project/ip_repo/myW2812bDesignIP_1.0'.
report_ip_status -name ip_status
upgrade_ip -vlnv xilinx.com:user:myW2812bDesignIP:1.0 [get_ips  W2812b_design_1_myW2812bDesignIP_0_1] -log ip_upgrade.log
Upgrading 'C:/Users/wilson/Documents/Project/my_w2812b_Project/W2812bDesignIP_INTEGRATED/W2812bDesignIP_INTEGRATED.srcs/sources_1/bd/W2812b_design_1/W2812b_design_1.bd'
INFO: [IP_Flow 19-3422] Upgraded W2812b_design_1_myW2812bDesignIP_0_1 (myW2812bDesignIP_v1.0 1.0) from revision 2 to revision 4
Wrote  : <C:\Users\wilson\Documents\Project\my_w2812b_Project\W2812bDesignIP_INTEGRATED\W2812bDesignIP_INTEGRATED.srcs\sources_1\bd\W2812b_design_1\W2812b_design_1.bd> 
INFO: [Coretcl 2-1525] Wrote upgrade log to 'C:/Users/wilson/Documents/Project/my_w2812b_Project/W2812bDesignIP_INTEGRATED/ip_upgrade.log'.
export_ip_user_files -of_objects [get_ips W2812b_design_1_myW2812bDesignIP_0_1] -no_script -sync -force -quiet
generate_target all [get_files  C:/Users/wilson/Documents/Project/my_w2812b_Project/W2812bDesignIP_INTEGRATED/W2812bDesignIP_INTEGRATED.srcs/sources_1/bd/W2812b_design_1/W2812b_design_1.bd]
Wrote  : <C:\Users\wilson\Documents\Project\my_w2812b_Project\W2812bDesignIP_INTEGRATED\W2812bDesignIP_INTEGRATED.srcs\sources_1\bd\W2812b_design_1\W2812b_design_1.bd> 
VHDL Output written to : C:/Users/wilson/Documents/Project/my_w2812b_Project/W2812bDesignIP_INTEGRATED/W2812bDesignIP_INTEGRATED.srcs/sources_1/bd/W2812b_design_1/synth/W2812b_design_1.vhd
VHDL Output written to : C:/Users/wilson/Documents/Project/my_w2812b_Project/W2812bDesignIP_INTEGRATED/W2812bDesignIP_INTEGRATED.srcs/sources_1/bd/W2812b_design_1/sim/W2812b_design_1.vhd
VHDL Output written to : C:/Users/wilson/Documents/Project/my_w2812b_Project/W2812bDesignIP_INTEGRATED/W2812bDesignIP_INTEGRATED.srcs/sources_1/bd/W2812b_design_1/hdl/W2812b_design_1_wrapper.vhd
INFO: [BD 41-1029] Generation completed for the IP Integrator block processing_system7_0 .
INFO: [BD 41-1029] Generation completed for the IP Integrator block rst_ps7_0_100M .
INFO: [BD 41-1029] Generation completed for the IP Integrator block ps7_0_axi_periph/xbar .
INFO: [BD 41-1029] Generation completed for the IP Integrator block axi_gpio_0 .
INFO: [BD 41-1029] Generation completed for the IP Integrator block axi_gpio_1 .
INFO: [BD 41-1029] Generation completed for the IP Integrator block myW2812bDesignIP_0 .
WARNING: [IP_Flow 19-4994] Overwriting existing constraint file 'c:/Users/wilson/Documents/Project/my_w2812b_Project/W2812bDesignIP_INTEGRATED/W2812bDesignIP_INTEGRATED.srcs/sources_1/bd/W2812b_design_1/ip/W2812b_design_1_auto_pc_0/W2812b_design_1_auto_pc_0_ooc.xdc'
INFO: [BD 41-1029] Generation completed for the IP Integrator block ps7_0_axi_periph/s00_couplers/auto_pc .
Exporting to file C:/Users/wilson/Documents/Project/my_w2812b_Project/W2812bDesignIP_INTEGRATED/W2812bDesignIP_INTEGRATED.srcs/sources_1/bd/W2812b_design_1/hw_handoff/W2812b_design_1.hwh
Generated Block Design Tcl file C:/Users/wilson/Documents/Project/my_w2812b_Project/W2812bDesignIP_INTEGRATED/W2812bDesignIP_INTEGRATED.srcs/sources_1/bd/W2812b_design_1/hw_handoff/W2812b_design_1_bd.tcl
Generated Hardware Definition File C:/Users/wilson/Documents/Project/my_w2812b_Project/W2812bDesignIP_INTEGRATED/W2812bDesignIP_INTEGRATED.srcs/sources_1/bd/W2812b_design_1/synth/W2812b_design_1.hwdef
export_ip_user_files -of_objects [get_files C:/Users/wilson/Documents/Project/my_w2812b_Project/W2812bDesignIP_INTEGRATED/W2812bDesignIP_INTEGRATED.srcs/sources_1/bd/W2812b_design_1/W2812b_design_1.bd] -no_script -sync -force -quiet
export_simulation -of_objects [get_files C:/Users/wilson/Documents/Project/my_w2812b_Project/W2812bDesignIP_INTEGRATED/W2812bDesignIP_INTEGRATED.srcs/sources_1/bd/W2812b_design_1/W2812b_design_1.bd] -directory C:/Users/wilson/Documents/Project/my_w2812b_Project/W2812bDesignIP_INTEGRATED/W2812bDesignIP_INTEGRATED.ip_user_files/sim_scripts -ip_user_files_dir C:/Users/wilson/Documents/Project/my_w2812b_Project/W2812bDesignIP_INTEGRATED/W2812bDesignIP_INTEGRATED.ip_user_files -ipstatic_source_dir C:/Users/wilson/Documents/Project/my_w2812b_Project/W2812bDesignIP_INTEGRATED/W2812bDesignIP_INTEGRATED.ip_user_files/ipstatic -lib_map_path [list {modelsim=C:/Users/wilson/Documents/Project/my_w2812b_Project/W2812bDesignIP_INTEGRATED/W2812bDesignIP_INTEGRATED.cache/compile_simlib/modelsim} {questa=C:/Users/wilson/Documents/Project/my_w2812b_Project/W2812bDesignIP_INTEGRATED/W2812bDesignIP_INTEGRATED.cache/compile_simlib/questa} {riviera=C:/Users/wilson/Documents/Project/my_w2812b_Project/W2812bDesignIP_INTEGRATED/W2812bDesignIP_INTEGRATED.cache/compile_simlib/riviera} {activehdl=C:/Users/wilson/Documents/Project/my_w2812b_Project/W2812bDesignIP_INTEGRATED/W2812bDesignIP_INTEGRATED.cache/compile_simlib/activehdl}] -use_ip_compiled_libs -force -quiet
make_wrapper -files [get_files C:/Users/wilson/Documents/Project/my_w2812b_Project/W2812bDesignIP_INTEGRATED/W2812bDesignIP_INTEGRATED.srcs/sources_1/bd/W2812b_design_1/W2812b_design_1.bd] -top
report_ip_status -name ip_status 
make_wrapper -files [get_files C:/Users/wilson/Documents/Project/my_w2812b_Project/W2812bDesignIP_INTEGRATED/W2812bDesignIP_INTEGRATED.srcs/sources_1/bd/W2812b_design_1/W2812b_design_1.bd] -top
reset_run synth_1
launch_runs impl_1 -to_step write_bitstream -jobs 4
[Thu Nov 26 19:58:07 2020] Launched synth_1...
Run output will be captured here: C:/Users/wilson/Documents/Project/my_w2812b_Project/W2812bDesignIP_INTEGRATED/W2812bDesignIP_INTEGRATED.runs/synth_1/runme.log
[Thu Nov 26 19:58:07 2020] Launched impl_1...
Run output will be captured here: C:/Users/wilson/Documents/Project/my_w2812b_Project/W2812bDesignIP_INTEGRATED/W2812bDesignIP_INTEGRATED.runs/impl_1/runme.log
file copy -force C:/Users/wilson/Documents/Project/my_w2812b_Project/W2812bDesignIP_INTEGRATED/W2812bDesignIP_INTEGRATED.runs/impl_1/W2812b_design_1_wrapper.sysdef C:/Users/wilson/Documents/Project/my_w2812b_Project/W2812bDesignIP_INTEGRATED/W2812bDesignIP_INTEGRATED.sdk/W2812b_design_1_wrapper.hdf

launch_sdk -workspace C:/Users/wilson/Documents/Project/my_w2812b_Project/W2812bDesignIP_INTEGRATED/W2812bDesignIP_INTEGRATED.sdk -hwspec C:/Users/wilson/Documents/Project/my_w2812b_Project/W2812bDesignIP_INTEGRATED/W2812bDesignIP_INTEGRATED.sdk/W2812b_design_1_wrapper.hdf
INFO: [Vivado 12-393] Launching SDK...
INFO: [Vivado 12-417] Running xsdk -workspace C:/Users/wilson/Documents/Project/my_w2812b_Project/W2812bDesignIP_INTEGRATED/W2812bDesignIP_INTEGRATED.sdk -hwspec C:/Users/wilson/Documents/Project/my_w2812b_Project/W2812bDesignIP_INTEGRATED/W2812bDesignIP_INTEGRATED.sdk/W2812b_design_1_wrapper.hdf
INFO: [Vivado 12-3157] SDK launch initiated. Please check console for any further messages.
update_ip_catalog -rebuild -scan_changes
INFO: [IP_Flow 19-234] Refreshing IP repositories
INFO: [IP_Flow 19-1700] Loaded user IP repository 'c:/Users/wilson/Documents/Project/my_w2812b_Project/ip_repo/myW2812bDesignIP_1.0'.
report_ip_status -name ip_status
upgrade_ip -vlnv xilinx.com:user:myW2812bDesignIP:1.0 [get_ips  W2812b_design_1_myW2812bDesignIP_0_1] -log ip_upgrade.log
Upgrading 'C:/Users/wilson/Documents/Project/my_w2812b_Project/W2812bDesignIP_INTEGRATED/W2812bDesignIP_INTEGRATED.srcs/sources_1/bd/W2812b_design_1/W2812b_design_1.bd'
INFO: [IP_Flow 19-3422] Upgraded W2812b_design_1_myW2812bDesignIP_0_1 (myW2812bDesignIP_v1.0 1.0) from revision 4 to revision 6
Wrote  : <C:\Users\wilson\Documents\Project\my_w2812b_Project\W2812bDesignIP_INTEGRATED\W2812bDesignIP_INTEGRATED.srcs\sources_1\bd\W2812b_design_1\W2812b_design_1.bd> 
INFO: [Coretcl 2-1525] Wrote upgrade log to 'C:/Users/wilson/Documents/Project/my_w2812b_Project/W2812bDesignIP_INTEGRATED/ip_upgrade.log'.
export_ip_user_files -of_objects [get_ips W2812b_design_1_myW2812bDesignIP_0_1] -no_script -sync -force -quiet
generate_target all [get_files  C:/Users/wilson/Documents/Project/my_w2812b_Project/W2812bDesignIP_INTEGRATED/W2812bDesignIP_INTEGRATED.srcs/sources_1/bd/W2812b_design_1/W2812b_design_1.bd]
Wrote  : <C:\Users\wilson\Documents\Project\my_w2812b_Project\W2812bDesignIP_INTEGRATED\W2812bDesignIP_INTEGRATED.srcs\sources_1\bd\W2812b_design_1\W2812b_design_1.bd> 
VHDL Output written to : C:/Users/wilson/Documents/Project/my_w2812b_Project/W2812bDesignIP_INTEGRATED/W2812bDesignIP_INTEGRATED.srcs/sources_1/bd/W2812b_design_1/synth/W2812b_design_1.vhd
VHDL Output written to : C:/Users/wilson/Documents/Project/my_w2812b_Project/W2812bDesignIP_INTEGRATED/W2812bDesignIP_INTEGRATED.srcs/sources_1/bd/W2812b_design_1/sim/W2812b_design_1.vhd
VHDL Output written to : C:/Users/wilson/Documents/Project/my_w2812b_Project/W2812bDesignIP_INTEGRATED/W2812bDesignIP_INTEGRATED.srcs/sources_1/bd/W2812b_design_1/hdl/W2812b_design_1_wrapper.vhd
INFO: [BD 41-1029] Generation completed for the IP Integrator block processing_system7_0 .
INFO: [BD 41-1029] Generation completed for the IP Integrator block rst_ps7_0_100M .
INFO: [BD 41-1029] Generation completed for the IP Integrator block ps7_0_axi_periph/xbar .
INFO: [BD 41-1029] Generation completed for the IP Integrator block axi_gpio_0 .
INFO: [BD 41-1029] Generation completed for the IP Integrator block axi_gpio_1 .
INFO: [BD 41-1029] Generation completed for the IP Integrator block myW2812bDesignIP_0 .
WARNING: [IP_Flow 19-4994] Overwriting existing constraint file 'c:/Users/wilson/Documents/Project/my_w2812b_Project/W2812bDesignIP_INTEGRATED/W2812bDesignIP_INTEGRATED.srcs/sources_1/bd/W2812b_design_1/ip/W2812b_design_1_auto_pc_0/W2812b_design_1_auto_pc_0_ooc.xdc'
INFO: [BD 41-1029] Generation completed for the IP Integrator block ps7_0_axi_periph/s00_couplers/auto_pc .
Exporting to file C:/Users/wilson/Documents/Project/my_w2812b_Project/W2812bDesignIP_INTEGRATED/W2812bDesignIP_INTEGRATED.srcs/sources_1/bd/W2812b_design_1/hw_handoff/W2812b_design_1.hwh
Generated Block Design Tcl file C:/Users/wilson/Documents/Project/my_w2812b_Project/W2812bDesignIP_INTEGRATED/W2812bDesignIP_INTEGRATED.srcs/sources_1/bd/W2812b_design_1/hw_handoff/W2812b_design_1_bd.tcl
Generated Hardware Definition File C:/Users/wilson/Documents/Project/my_w2812b_Project/W2812bDesignIP_INTEGRATED/W2812bDesignIP_INTEGRATED.srcs/sources_1/bd/W2812b_design_1/synth/W2812b_design_1.hwdef
export_ip_user_files -of_objects [get_files C:/Users/wilson/Documents/Project/my_w2812b_Project/W2812bDesignIP_INTEGRATED/W2812bDesignIP_INTEGRATED.srcs/sources_1/bd/W2812b_design_1/W2812b_design_1.bd] -no_script -sync -force -quiet
export_simulation -of_objects [get_files C:/Users/wilson/Documents/Project/my_w2812b_Project/W2812bDesignIP_INTEGRATED/W2812bDesignIP_INTEGRATED.srcs/sources_1/bd/W2812b_design_1/W2812b_design_1.bd] -directory C:/Users/wilson/Documents/Project/my_w2812b_Project/W2812bDesignIP_INTEGRATED/W2812bDesignIP_INTEGRATED.ip_user_files/sim_scripts -ip_user_files_dir C:/Users/wilson/Documents/Project/my_w2812b_Project/W2812bDesignIP_INTEGRATED/W2812bDesignIP_INTEGRATED.ip_user_files -ipstatic_source_dir C:/Users/wilson/Documents/Project/my_w2812b_Project/W2812bDesignIP_INTEGRATED/W2812bDesignIP_INTEGRATED.ip_user_files/ipstatic -lib_map_path [list {modelsim=C:/Users/wilson/Documents/Project/my_w2812b_Project/W2812bDesignIP_INTEGRATED/W2812bDesignIP_INTEGRATED.cache/compile_simlib/modelsim} {questa=C:/Users/wilson/Documents/Project/my_w2812b_Project/W2812bDesignIP_INTEGRATED/W2812bDesignIP_INTEGRATED.cache/compile_simlib/questa} {riviera=C:/Users/wilson/Documents/Project/my_w2812b_Project/W2812bDesignIP_INTEGRATED/W2812bDesignIP_INTEGRATED.cache/compile_simlib/riviera} {activehdl=C:/Users/wilson/Documents/Project/my_w2812b_Project/W2812bDesignIP_INTEGRATED/W2812bDesignIP_INTEGRATED.cache/compile_simlib/activehdl}] -use_ip_compiled_libs -force -quiet
make_wrapper -files [get_files C:/Users/wilson/Documents/Project/my_w2812b_Project/W2812bDesignIP_INTEGRATED/W2812bDesignIP_INTEGRATED.srcs/sources_1/bd/W2812b_design_1/W2812b_design_1.bd] -top
reset_run synth_1
launch_runs impl_1 -to_step write_bitstream -jobs 4
[Thu Nov 26 20:29:39 2020] Launched synth_1...
Run output will be captured here: C:/Users/wilson/Documents/Project/my_w2812b_Project/W2812bDesignIP_INTEGRATED/W2812bDesignIP_INTEGRATED.runs/synth_1/runme.log
[Thu Nov 26 20:29:39 2020] Launched impl_1...
Run output will be captured here: C:/Users/wilson/Documents/Project/my_w2812b_Project/W2812bDesignIP_INTEGRATED/W2812bDesignIP_INTEGRATED.runs/impl_1/runme.log
file copy -force C:/Users/wilson/Documents/Project/my_w2812b_Project/W2812bDesignIP_INTEGRATED/W2812bDesignIP_INTEGRATED.runs/impl_1/W2812b_design_1_wrapper.sysdef C:/Users/wilson/Documents/Project/my_w2812b_Project/W2812bDesignIP_INTEGRATED/W2812bDesignIP_INTEGRATED.sdk/W2812b_design_1_wrapper.hdf

launch_sdk -workspace C:/Users/wilson/Documents/Project/my_w2812b_Project/W2812bDesignIP_INTEGRATED/W2812bDesignIP_INTEGRATED.sdk -hwspec C:/Users/wilson/Documents/Project/my_w2812b_Project/W2812bDesignIP_INTEGRATED/W2812bDesignIP_INTEGRATED.sdk/W2812b_design_1_wrapper.hdf
INFO: [Vivado 12-393] Launching SDK...
INFO: [Vivado 12-417] Running xsdk -workspace C:/Users/wilson/Documents/Project/my_w2812b_Project/W2812bDesignIP_INTEGRATED/W2812bDesignIP_INTEGRATED.sdk -hwspec C:/Users/wilson/Documents/Project/my_w2812b_Project/W2812bDesignIP_INTEGRATED/W2812bDesignIP_INTEGRATED.sdk/W2812b_design_1_wrapper.hdf
INFO: [Vivado 12-3157] SDK launch initiated. Please check console for any further messages.
exit
INFO: [Common 17-206] Exiting Vivado at Thu Nov 26 20:38:31 2020...
