#-----------------------------------------------------------
# Vivado v2019.1 (64-bit)
# SW Build 2552052 on Fri May 24 14:49:42 MDT 2019
# IP Build 2548770 on Fri May 24 18:01:18 MDT 2019
# Start of session at: Fri Dec  4 16:47:01 2020
# Process ID: 1704
# Current directory: C:/Users/wilson/Documents/Project/my_w2812b_Project/W2812bDesignIP_INTEGRATED
# Command line: vivado.exe -gui_launcher_event rodinguilauncherevent8300 C:\Users\wilson\Documents\Project\my_w2812b_Project\W2812bDesignIP_INTEGRATED\W2812bDesignIP_INTEGRATED.xpr
# Log file: C:/Users/wilson/Documents/Project/my_w2812b_Project/W2812bDesignIP_INTEGRATED/vivado.log
# Journal file: C:/Users/wilson/Documents/Project/my_w2812b_Project/W2812bDesignIP_INTEGRATED\vivado.jou
#-----------------------------------------------------------
start_gui
open_project C:/Users/wilson/Documents/Project/my_w2812b_Project/W2812bDesignIP_INTEGRATED/W2812bDesignIP_INTEGRATED.xpr
Scanning sources...
Finished scanning sources
INFO: [IP_Flow 19-234] Refreshing IP repositories
INFO: [IP_Flow 19-1700] Loaded user IP repository 'c:/Users/wilson/Documents/Project/my_w2812b_Project/ip_repo/myW2812bDesignIP_1.0'.
INFO: [IP_Flow 19-2313] Loaded Vivado IP repository 'C:/Xilinx/Vivado/2019.1/data/ip'.
open_project: Time (s): cpu = 00:00:16 ; elapsed = 00:00:07 . Memory (MB): peak = 791.453 ; gain = 114.637
update_compile_order -fileset sources_1
launch_sdk -workspace C:/Users/wilson/Documents/Project/my_w2812b_Project/W2812bDesignIP_INTEGRATED/W2812bDesignIP_INTEGRATED.sdk -hwspec C:/Users/wilson/Documents/Project/my_w2812b_Project/W2812bDesignIP_INTEGRATED/W2812bDesignIP_INTEGRATED.sdk/W2812b_design_1_wrapper.hdf
INFO: [Vivado 12-393] Launching SDK...
INFO: [Vivado 12-417] Running xsdk -workspace C:/Users/wilson/Documents/Project/my_w2812b_Project/W2812bDesignIP_INTEGRATED/W2812bDesignIP_INTEGRATED.sdk -hwspec C:/Users/wilson/Documents/Project/my_w2812b_Project/W2812bDesignIP_INTEGRATED/W2812bDesignIP_INTEGRATED.sdk/W2812b_design_1_wrapper.hdf
INFO: [Vivado 12-3157] SDK launch initiated. Please check console for any further messages.
update_ip_catalog -rebuild -scan_changes
INFO: [IP_Flow 19-234] Refreshing IP repositories
INFO: [IP_Flow 19-1700] Loaded user IP repository 'c:/Users/wilson/Documents/Project/my_w2812b_Project/ip_repo/myW2812bDesignIP_1.0'.
report_ip_status -name ip_status
upgrade_ip -vlnv xilinx.com:user:myW2812bDesignIP:1.0 [get_ips  W2812b_design_1_myW2812bDesignIP_0_1] -log ip_upgrade.log
Adding component instance block -- xilinx.com:ip:processing_system7:5.5 - processing_system7_0
Adding component instance block -- xilinx.com:ip:axi_interconnect:2.1 - ps7_0_axi_periph
Adding component instance block -- xilinx.com:ip:axi_crossbar:2.1 - xbar
Adding component instance block -- xilinx.com:ip:axi_protocol_converter:2.1 - auto_pc
Adding component instance block -- xilinx.com:ip:proc_sys_reset:5.0 - rst_ps7_0_100M
Adding component instance block -- xilinx.com:ip:axi_gpio:2.0 - axi_gpio_0
Adding component instance block -- xilinx.com:ip:axi_gpio:2.0 - axi_gpio_1
Adding component instance block -- xilinx.com:user:myW2812bDesignIP:1.0 - myW2812bDesignIP_0
Successfully read diagram <W2812b_design_1> from BD file <C:/Users/wilson/Documents/Project/my_w2812b_Project/W2812bDesignIP_INTEGRATED/W2812bDesignIP_INTEGRATED.srcs/sources_1/bd/W2812b_design_1/W2812b_design_1.bd>
Upgrading 'C:/Users/wilson/Documents/Project/my_w2812b_Project/W2812bDesignIP_INTEGRATED/W2812bDesignIP_INTEGRATED.srcs/sources_1/bd/W2812b_design_1/W2812b_design_1.bd'
INFO: [IP_Flow 19-3422] Upgraded W2812b_design_1_myW2812bDesignIP_0_1 (myW2812bDesignIP_v1.0 1.0) from revision 26 to revision 27
Wrote  : <C:\Users\wilson\Documents\Project\my_w2812b_Project\W2812bDesignIP_INTEGRATED\W2812bDesignIP_INTEGRATED.srcs\sources_1\bd\W2812b_design_1\W2812b_design_1.bd> 
Wrote  : <C:/Users/wilson/Documents/Project/my_w2812b_Project/W2812bDesignIP_INTEGRATED/W2812bDesignIP_INTEGRATED.srcs/sources_1/bd/W2812b_design_1/ui/bd_556444eb.ui> 
INFO: [Coretcl 2-1525] Wrote upgrade log to 'C:/Users/wilson/Documents/Project/my_w2812b_Project/W2812bDesignIP_INTEGRATED/ip_upgrade.log'.
upgrade_ip: Time (s): cpu = 00:00:11 ; elapsed = 00:00:09 . Memory (MB): peak = 970.035 ; gain = 81.777
export_ip_user_files -of_objects [get_ips W2812b_design_1_myW2812bDesignIP_0_1] -no_script -sync -force -quiet
generate_target all [get_files  C:/Users/wilson/Documents/Project/my_w2812b_Project/W2812bDesignIP_INTEGRATED/W2812bDesignIP_INTEGRATED.srcs/sources_1/bd/W2812b_design_1/W2812b_design_1.bd]
Wrote  : <C:\Users\wilson\Documents\Project\my_w2812b_Project\W2812bDesignIP_INTEGRATED\W2812bDesignIP_INTEGRATED.srcs\sources_1\bd\W2812b_design_1\W2812b_design_1.bd> 
VHDL Output written to : C:/Users/wilson/Documents/Project/my_w2812b_Project/W2812bDesignIP_INTEGRATED/W2812bDesignIP_INTEGRATED.srcs/sources_1/bd/W2812b_design_1/synth/W2812b_design_1.vhd
VHDL Output written to : C:/Users/wilson/Documents/Project/my_w2812b_Project/W2812bDesignIP_INTEGRATED/W2812bDesignIP_INTEGRATED.srcs/sources_1/bd/W2812b_design_1/sim/W2812b_design_1.vhd
VHDL Output written to : C:/Users/wilson/Documents/Project/my_w2812b_Project/W2812bDesignIP_INTEGRATED/W2812bDesignIP_INTEGRATED.srcs/sources_1/bd/W2812b_design_1/hdl/W2812b_design_1_wrapper.vhd
INFO: [BD 41-1029] Generation completed for the IP Integrator block processing_system7_0 .
INFO: [BD 41-1029] Generation completed for the IP Integrator block rst_ps7_0_100M .
INFO: [BD 41-1029] Generation completed for the IP Integrator block ps7_0_axi_periph/xbar .
INFO: [BD 41-1029] Generation completed for the IP Integrator block axi_gpio_0 .
INFO: [BD 41-1029] Generation completed for the IP Integrator block axi_gpio_1 .
INFO: [BD 41-1029] Generation completed for the IP Integrator block myW2812bDesignIP_0 .
WARNING: [IP_Flow 19-4994] Overwriting existing constraint file 'c:/Users/wilson/Documents/Project/my_w2812b_Project/W2812bDesignIP_INTEGRATED/W2812bDesignIP_INTEGRATED.srcs/sources_1/bd/W2812b_design_1/ip/W2812b_design_1_auto_pc_0/W2812b_design_1_auto_pc_0_ooc.xdc'
INFO: [BD 41-1029] Generation completed for the IP Integrator block ps7_0_axi_periph/s00_couplers/auto_pc .
Exporting to file C:/Users/wilson/Documents/Project/my_w2812b_Project/W2812bDesignIP_INTEGRATED/W2812bDesignIP_INTEGRATED.srcs/sources_1/bd/W2812b_design_1/hw_handoff/W2812b_design_1.hwh
Generated Block Design Tcl file C:/Users/wilson/Documents/Project/my_w2812b_Project/W2812bDesignIP_INTEGRATED/W2812bDesignIP_INTEGRATED.srcs/sources_1/bd/W2812b_design_1/hw_handoff/W2812b_design_1_bd.tcl
Generated Hardware Definition File C:/Users/wilson/Documents/Project/my_w2812b_Project/W2812bDesignIP_INTEGRATED/W2812bDesignIP_INTEGRATED.srcs/sources_1/bd/W2812b_design_1/synth/W2812b_design_1.hwdef
export_ip_user_files -of_objects [get_files C:/Users/wilson/Documents/Project/my_w2812b_Project/W2812bDesignIP_INTEGRATED/W2812bDesignIP_INTEGRATED.srcs/sources_1/bd/W2812b_design_1/W2812b_design_1.bd] -no_script -sync -force -quiet
export_simulation -of_objects [get_files C:/Users/wilson/Documents/Project/my_w2812b_Project/W2812bDesignIP_INTEGRATED/W2812bDesignIP_INTEGRATED.srcs/sources_1/bd/W2812b_design_1/W2812b_design_1.bd] -directory C:/Users/wilson/Documents/Project/my_w2812b_Project/W2812bDesignIP_INTEGRATED/W2812bDesignIP_INTEGRATED.ip_user_files/sim_scripts -ip_user_files_dir C:/Users/wilson/Documents/Project/my_w2812b_Project/W2812bDesignIP_INTEGRATED/W2812bDesignIP_INTEGRATED.ip_user_files -ipstatic_source_dir C:/Users/wilson/Documents/Project/my_w2812b_Project/W2812bDesignIP_INTEGRATED/W2812bDesignIP_INTEGRATED.ip_user_files/ipstatic -lib_map_path [list {modelsim=C:/Users/wilson/Documents/Project/my_w2812b_Project/W2812bDesignIP_INTEGRATED/W2812bDesignIP_INTEGRATED.cache/compile_simlib/modelsim} {questa=C:/Users/wilson/Documents/Project/my_w2812b_Project/W2812bDesignIP_INTEGRATED/W2812bDesignIP_INTEGRATED.cache/compile_simlib/questa} {riviera=C:/Users/wilson/Documents/Project/my_w2812b_Project/W2812bDesignIP_INTEGRATED/W2812bDesignIP_INTEGRATED.cache/compile_simlib/riviera} {activehdl=C:/Users/wilson/Documents/Project/my_w2812b_Project/W2812bDesignIP_INTEGRATED/W2812bDesignIP_INTEGRATED.cache/compile_simlib/activehdl}] -use_ip_compiled_libs -force -quiet
reset_run synth_1
launch_runs impl_1 -to_step write_bitstream -jobs 4
[Fri Dec  4 17:08:37 2020] Launched synth_1...
Run output will be captured here: C:/Users/wilson/Documents/Project/my_w2812b_Project/W2812bDesignIP_INTEGRATED/W2812bDesignIP_INTEGRATED.runs/synth_1/runme.log
[Fri Dec  4 17:08:37 2020] Launched impl_1...
Run output will be captured here: C:/Users/wilson/Documents/Project/my_w2812b_Project/W2812bDesignIP_INTEGRATED/W2812bDesignIP_INTEGRATED.runs/impl_1/runme.log
file copy -force C:/Users/wilson/Documents/Project/my_w2812b_Project/W2812bDesignIP_INTEGRATED/W2812bDesignIP_INTEGRATED.runs/impl_1/W2812b_design_1_wrapper.sysdef C:/Users/wilson/Documents/Project/my_w2812b_Project/W2812bDesignIP_INTEGRATED/W2812bDesignIP_INTEGRATED.sdk/W2812b_design_1_wrapper.hdf

launch_sdk -workspace C:/Users/wilson/Documents/Project/my_w2812b_Project/W2812bDesignIP_INTEGRATED/W2812bDesignIP_INTEGRATED.sdk -hwspec C:/Users/wilson/Documents/Project/my_w2812b_Project/W2812bDesignIP_INTEGRATED/W2812bDesignIP_INTEGRATED.sdk/W2812b_design_1_wrapper.hdf
INFO: [Vivado 12-393] Launching SDK...
INFO: [Vivado 12-417] Running xsdk -workspace C:/Users/wilson/Documents/Project/my_w2812b_Project/W2812bDesignIP_INTEGRATED/W2812bDesignIP_INTEGRATED.sdk -hwspec C:/Users/wilson/Documents/Project/my_w2812b_Project/W2812bDesignIP_INTEGRATED/W2812bDesignIP_INTEGRATED.sdk/W2812b_design_1_wrapper.hdf
INFO: [Vivado 12-3157] SDK launch initiated. Please check console for any further messages.
launch_sdk -workspace C:/Users/wilson/Documents/Project/my_w2812b_Project/W2812bDesignIP_INTEGRATED/W2812bDesignIP_INTEGRATED.sdk -hwspec C:/Users/wilson/Documents/Project/my_w2812b_Project/W2812bDesignIP_INTEGRATED/W2812bDesignIP_INTEGRATED.sdk/W2812b_design_1_wrapper.hdf
INFO: [Vivado 12-393] Launching SDK...
INFO: [Vivado 12-417] Running xsdk -workspace C:/Users/wilson/Documents/Project/my_w2812b_Project/W2812bDesignIP_INTEGRATED/W2812bDesignIP_INTEGRATED.sdk -hwspec C:/Users/wilson/Documents/Project/my_w2812b_Project/W2812bDesignIP_INTEGRATED/W2812bDesignIP_INTEGRATED.sdk/W2812b_design_1_wrapper.hdf
INFO: [Vivado 12-3157] SDK launch initiated. Please check console for any further messages.
update_ip_catalog -rebuild -scan_changes
INFO: [IP_Flow 19-234] Refreshing IP repositories
INFO: [IP_Flow 19-1700] Loaded user IP repository 'c:/Users/wilson/Documents/Project/my_w2812b_Project/ip_repo/myW2812bDesignIP_1.0'.
report_ip_status -name ip_status
upgrade_ip -vlnv xilinx.com:user:myW2812bDesignIP:1.0 [get_ips  W2812b_design_1_myW2812bDesignIP_0_1] -log ip_upgrade.log
Upgrading 'C:/Users/wilson/Documents/Project/my_w2812b_Project/W2812bDesignIP_INTEGRATED/W2812bDesignIP_INTEGRATED.srcs/sources_1/bd/W2812b_design_1/W2812b_design_1.bd'
INFO: [IP_Flow 19-3422] Upgraded W2812b_design_1_myW2812bDesignIP_0_1 (myW2812bDesignIP_v1.0 1.0) from revision 27 to revision 29
Wrote  : <C:\Users\wilson\Documents\Project\my_w2812b_Project\W2812bDesignIP_INTEGRATED\W2812bDesignIP_INTEGRATED.srcs\sources_1\bd\W2812b_design_1\W2812b_design_1.bd> 
INFO: [Coretcl 2-1525] Wrote upgrade log to 'C:/Users/wilson/Documents/Project/my_w2812b_Project/W2812bDesignIP_INTEGRATED/ip_upgrade.log'.
export_ip_user_files -of_objects [get_ips W2812b_design_1_myW2812bDesignIP_0_1] -no_script -sync -force -quiet
generate_target all [get_files  C:/Users/wilson/Documents/Project/my_w2812b_Project/W2812bDesignIP_INTEGRATED/W2812bDesignIP_INTEGRATED.srcs/sources_1/bd/W2812b_design_1/W2812b_design_1.bd]
Wrote  : <C:\Users\wilson\Documents\Project\my_w2812b_Project\W2812bDesignIP_INTEGRATED\W2812bDesignIP_INTEGRATED.srcs\sources_1\bd\W2812b_design_1\W2812b_design_1.bd> 
VHDL Output written to : C:/Users/wilson/Documents/Project/my_w2812b_Project/W2812bDesignIP_INTEGRATED/W2812bDesignIP_INTEGRATED.srcs/sources_1/bd/W2812b_design_1/synth/W2812b_design_1.vhd
VHDL Output written to : C:/Users/wilson/Documents/Project/my_w2812b_Project/W2812bDesignIP_INTEGRATED/W2812bDesignIP_INTEGRATED.srcs/sources_1/bd/W2812b_design_1/sim/W2812b_design_1.vhd
VHDL Output written to : C:/Users/wilson/Documents/Project/my_w2812b_Project/W2812bDesignIP_INTEGRATED/W2812bDesignIP_INTEGRATED.srcs/sources_1/bd/W2812b_design_1/hdl/W2812b_design_1_wrapper.vhd
INFO: [BD 41-1029] Generation completed for the IP Integrator block processing_system7_0 .
INFO: [BD 41-1029] Generation completed for the IP Integrator block rst_ps7_0_100M .
INFO: [BD 41-1029] Generation completed for the IP Integrator block ps7_0_axi_periph/xbar .
INFO: [BD 41-1029] Generation completed for the IP Integrator block axi_gpio_0 .
INFO: [BD 41-1029] Generation completed for the IP Integrator block axi_gpio_1 .
INFO: [BD 41-1029] Generation completed for the IP Integrator block myW2812bDesignIP_0 .
WARNING: [IP_Flow 19-4994] Overwriting existing constraint file 'c:/Users/wilson/Documents/Project/my_w2812b_Project/W2812bDesignIP_INTEGRATED/W2812bDesignIP_INTEGRATED.srcs/sources_1/bd/W2812b_design_1/ip/W2812b_design_1_auto_pc_0/W2812b_design_1_auto_pc_0_ooc.xdc'
INFO: [BD 41-1029] Generation completed for the IP Integrator block ps7_0_axi_periph/s00_couplers/auto_pc .
Exporting to file C:/Users/wilson/Documents/Project/my_w2812b_Project/W2812bDesignIP_INTEGRATED/W2812bDesignIP_INTEGRATED.srcs/sources_1/bd/W2812b_design_1/hw_handoff/W2812b_design_1.hwh
Generated Block Design Tcl file C:/Users/wilson/Documents/Project/my_w2812b_Project/W2812bDesignIP_INTEGRATED/W2812bDesignIP_INTEGRATED.srcs/sources_1/bd/W2812b_design_1/hw_handoff/W2812b_design_1_bd.tcl
Generated Hardware Definition File C:/Users/wilson/Documents/Project/my_w2812b_Project/W2812bDesignIP_INTEGRATED/W2812bDesignIP_INTEGRATED.srcs/sources_1/bd/W2812b_design_1/synth/W2812b_design_1.hwdef
export_ip_user_files -of_objects [get_files C:/Users/wilson/Documents/Project/my_w2812b_Project/W2812bDesignIP_INTEGRATED/W2812bDesignIP_INTEGRATED.srcs/sources_1/bd/W2812b_design_1/W2812b_design_1.bd] -no_script -sync -force -quiet
export_simulation -of_objects [get_files C:/Users/wilson/Documents/Project/my_w2812b_Project/W2812bDesignIP_INTEGRATED/W2812bDesignIP_INTEGRATED.srcs/sources_1/bd/W2812b_design_1/W2812b_design_1.bd] -directory C:/Users/wilson/Documents/Project/my_w2812b_Project/W2812bDesignIP_INTEGRATED/W2812bDesignIP_INTEGRATED.ip_user_files/sim_scripts -ip_user_files_dir C:/Users/wilson/Documents/Project/my_w2812b_Project/W2812bDesignIP_INTEGRATED/W2812bDesignIP_INTEGRATED.ip_user_files -ipstatic_source_dir C:/Users/wilson/Documents/Project/my_w2812b_Project/W2812bDesignIP_INTEGRATED/W2812bDesignIP_INTEGRATED.ip_user_files/ipstatic -lib_map_path [list {modelsim=C:/Users/wilson/Documents/Project/my_w2812b_Project/W2812bDesignIP_INTEGRATED/W2812bDesignIP_INTEGRATED.cache/compile_simlib/modelsim} {questa=C:/Users/wilson/Documents/Project/my_w2812b_Project/W2812bDesignIP_INTEGRATED/W2812bDesignIP_INTEGRATED.cache/compile_simlib/questa} {riviera=C:/Users/wilson/Documents/Project/my_w2812b_Project/W2812bDesignIP_INTEGRATED/W2812bDesignIP_INTEGRATED.cache/compile_simlib/riviera} {activehdl=C:/Users/wilson/Documents/Project/my_w2812b_Project/W2812bDesignIP_INTEGRATED/W2812bDesignIP_INTEGRATED.cache/compile_simlib/activehdl}] -use_ip_compiled_libs -force -quiet
reset_run synth_1
launch_runs impl_1 -to_step write_bitstream -jobs 4
[Fri Dec  4 17:39:14 2020] Launched synth_1...
Run output will be captured here: C:/Users/wilson/Documents/Project/my_w2812b_Project/W2812bDesignIP_INTEGRATED/W2812bDesignIP_INTEGRATED.runs/synth_1/runme.log
[Fri Dec  4 17:39:14 2020] Launched impl_1...
Run output will be captured here: C:/Users/wilson/Documents/Project/my_w2812b_Project/W2812bDesignIP_INTEGRATED/W2812bDesignIP_INTEGRATED.runs/impl_1/runme.log
file copy -force C:/Users/wilson/Documents/Project/my_w2812b_Project/W2812bDesignIP_INTEGRATED/W2812bDesignIP_INTEGRATED.runs/impl_1/W2812b_design_1_wrapper.sysdef C:/Users/wilson/Documents/Project/my_w2812b_Project/W2812bDesignIP_INTEGRATED/W2812bDesignIP_INTEGRATED.sdk/W2812b_design_1_wrapper.hdf

launch_sdk -workspace C:/Users/wilson/Documents/Project/my_w2812b_Project/W2812bDesignIP_INTEGRATED/W2812bDesignIP_INTEGRATED.sdk -hwspec C:/Users/wilson/Documents/Project/my_w2812b_Project/W2812bDesignIP_INTEGRATED/W2812bDesignIP_INTEGRATED.sdk/W2812b_design_1_wrapper.hdf
INFO: [Vivado 12-393] Launching SDK...
INFO: [Vivado 12-417] Running xsdk -workspace C:/Users/wilson/Documents/Project/my_w2812b_Project/W2812bDesignIP_INTEGRATED/W2812bDesignIP_INTEGRATED.sdk -hwspec C:/Users/wilson/Documents/Project/my_w2812b_Project/W2812bDesignIP_INTEGRATED/W2812bDesignIP_INTEGRATED.sdk/W2812b_design_1_wrapper.hdf
INFO: [Vivado 12-3157] SDK launch initiated. Please check console for any further messages.
update_ip_catalog -rebuild -scan_changes
INFO: [IP_Flow 19-234] Refreshing IP repositories
INFO: [IP_Flow 19-1700] Loaded user IP repository 'c:/Users/wilson/Documents/Project/my_w2812b_Project/ip_repo/myW2812bDesignIP_1.0'.
report_ip_status -name ip_status
upgrade_ip -vlnv xilinx.com:user:myW2812bDesignIP:1.0 [get_ips  W2812b_design_1_myW2812bDesignIP_0_1] -log ip_upgrade.log
Upgrading 'C:/Users/wilson/Documents/Project/my_w2812b_Project/W2812bDesignIP_INTEGRATED/W2812bDesignIP_INTEGRATED.srcs/sources_1/bd/W2812b_design_1/W2812b_design_1.bd'
INFO: [IP_Flow 19-3422] Upgraded W2812b_design_1_myW2812bDesignIP_0_1 (myW2812bDesignIP_v1.0 1.0) from revision 29 to revision 30
Wrote  : <C:\Users\wilson\Documents\Project\my_w2812b_Project\W2812bDesignIP_INTEGRATED\W2812bDesignIP_INTEGRATED.srcs\sources_1\bd\W2812b_design_1\W2812b_design_1.bd> 
INFO: [Coretcl 2-1525] Wrote upgrade log to 'C:/Users/wilson/Documents/Project/my_w2812b_Project/W2812bDesignIP_INTEGRATED/ip_upgrade.log'.
export_ip_user_files -of_objects [get_ips W2812b_design_1_myW2812bDesignIP_0_1] -no_script -sync -force -quiet
generate_target all [get_files  C:/Users/wilson/Documents/Project/my_w2812b_Project/W2812bDesignIP_INTEGRATED/W2812bDesignIP_INTEGRATED.srcs/sources_1/bd/W2812b_design_1/W2812b_design_1.bd]
Wrote  : <C:\Users\wilson\Documents\Project\my_w2812b_Project\W2812bDesignIP_INTEGRATED\W2812bDesignIP_INTEGRATED.srcs\sources_1\bd\W2812b_design_1\W2812b_design_1.bd> 
VHDL Output written to : C:/Users/wilson/Documents/Project/my_w2812b_Project/W2812bDesignIP_INTEGRATED/W2812bDesignIP_INTEGRATED.srcs/sources_1/bd/W2812b_design_1/synth/W2812b_design_1.vhd
VHDL Output written to : C:/Users/wilson/Documents/Project/my_w2812b_Project/W2812bDesignIP_INTEGRATED/W2812bDesignIP_INTEGRATED.srcs/sources_1/bd/W2812b_design_1/sim/W2812b_design_1.vhd
VHDL Output written to : C:/Users/wilson/Documents/Project/my_w2812b_Project/W2812bDesignIP_INTEGRATED/W2812bDesignIP_INTEGRATED.srcs/sources_1/bd/W2812b_design_1/hdl/W2812b_design_1_wrapper.vhd
INFO: [BD 41-1029] Generation completed for the IP Integrator block processing_system7_0 .
INFO: [BD 41-1029] Generation completed for the IP Integrator block rst_ps7_0_100M .
INFO: [BD 41-1029] Generation completed for the IP Integrator block ps7_0_axi_periph/xbar .
INFO: [BD 41-1029] Generation completed for the IP Integrator block axi_gpio_0 .
INFO: [BD 41-1029] Generation completed for the IP Integrator block axi_gpio_1 .
INFO: [BD 41-1029] Generation completed for the IP Integrator block myW2812bDesignIP_0 .
WARNING: [IP_Flow 19-4994] Overwriting existing constraint file 'c:/Users/wilson/Documents/Project/my_w2812b_Project/W2812bDesignIP_INTEGRATED/W2812bDesignIP_INTEGRATED.srcs/sources_1/bd/W2812b_design_1/ip/W2812b_design_1_auto_pc_0/W2812b_design_1_auto_pc_0_ooc.xdc'
INFO: [BD 41-1029] Generation completed for the IP Integrator block ps7_0_axi_periph/s00_couplers/auto_pc .
Exporting to file C:/Users/wilson/Documents/Project/my_w2812b_Project/W2812bDesignIP_INTEGRATED/W2812bDesignIP_INTEGRATED.srcs/sources_1/bd/W2812b_design_1/hw_handoff/W2812b_design_1.hwh
Generated Block Design Tcl file C:/Users/wilson/Documents/Project/my_w2812b_Project/W2812bDesignIP_INTEGRATED/W2812bDesignIP_INTEGRATED.srcs/sources_1/bd/W2812b_design_1/hw_handoff/W2812b_design_1_bd.tcl
Generated Hardware Definition File C:/Users/wilson/Documents/Project/my_w2812b_Project/W2812bDesignIP_INTEGRATED/W2812bDesignIP_INTEGRATED.srcs/sources_1/bd/W2812b_design_1/synth/W2812b_design_1.hwdef
export_ip_user_files -of_objects [get_files C:/Users/wilson/Documents/Project/my_w2812b_Project/W2812bDesignIP_INTEGRATED/W2812bDesignIP_INTEGRATED.srcs/sources_1/bd/W2812b_design_1/W2812b_design_1.bd] -no_script -sync -force -quiet
export_simulation -of_objects [get_files C:/Users/wilson/Documents/Project/my_w2812b_Project/W2812bDesignIP_INTEGRATED/W2812bDesignIP_INTEGRATED.srcs/sources_1/bd/W2812b_design_1/W2812b_design_1.bd] -directory C:/Users/wilson/Documents/Project/my_w2812b_Project/W2812bDesignIP_INTEGRATED/W2812bDesignIP_INTEGRATED.ip_user_files/sim_scripts -ip_user_files_dir C:/Users/wilson/Documents/Project/my_w2812b_Project/W2812bDesignIP_INTEGRATED/W2812bDesignIP_INTEGRATED.ip_user_files -ipstatic_source_dir C:/Users/wilson/Documents/Project/my_w2812b_Project/W2812bDesignIP_INTEGRATED/W2812bDesignIP_INTEGRATED.ip_user_files/ipstatic -lib_map_path [list {modelsim=C:/Users/wilson/Documents/Project/my_w2812b_Project/W2812bDesignIP_INTEGRATED/W2812bDesignIP_INTEGRATED.cache/compile_simlib/modelsim} {questa=C:/Users/wilson/Documents/Project/my_w2812b_Project/W2812bDesignIP_INTEGRATED/W2812bDesignIP_INTEGRATED.cache/compile_simlib/questa} {riviera=C:/Users/wilson/Documents/Project/my_w2812b_Project/W2812bDesignIP_INTEGRATED/W2812bDesignIP_INTEGRATED.cache/compile_simlib/riviera} {activehdl=C:/Users/wilson/Documents/Project/my_w2812b_Project/W2812bDesignIP_INTEGRATED/W2812bDesignIP_INTEGRATED.cache/compile_simlib/activehdl}] -use_ip_compiled_libs -force -quiet
reset_run synth_1
launch_runs impl_1 -to_step write_bitstream -jobs 4
[Fri Dec  4 18:28:43 2020] Launched synth_1...
Run output will be captured here: C:/Users/wilson/Documents/Project/my_w2812b_Project/W2812bDesignIP_INTEGRATED/W2812bDesignIP_INTEGRATED.runs/synth_1/runme.log
[Fri Dec  4 18:28:43 2020] Launched impl_1...
Run output will be captured here: C:/Users/wilson/Documents/Project/my_w2812b_Project/W2812bDesignIP_INTEGRATED/W2812bDesignIP_INTEGRATED.runs/impl_1/runme.log
file copy -force C:/Users/wilson/Documents/Project/my_w2812b_Project/W2812bDesignIP_INTEGRATED/W2812bDesignIP_INTEGRATED.runs/impl_1/W2812b_design_1_wrapper.sysdef C:/Users/wilson/Documents/Project/my_w2812b_Project/W2812bDesignIP_INTEGRATED/W2812bDesignIP_INTEGRATED.sdk/W2812b_design_1_wrapper.hdf

launch_sdk -workspace C:/Users/wilson/Documents/Project/my_w2812b_Project/W2812bDesignIP_INTEGRATED/W2812bDesignIP_INTEGRATED.sdk -hwspec C:/Users/wilson/Documents/Project/my_w2812b_Project/W2812bDesignIP_INTEGRATED/W2812bDesignIP_INTEGRATED.sdk/W2812b_design_1_wrapper.hdf
INFO: [Vivado 12-393] Launching SDK...
INFO: [Vivado 12-417] Running xsdk -workspace C:/Users/wilson/Documents/Project/my_w2812b_Project/W2812bDesignIP_INTEGRATED/W2812bDesignIP_INTEGRATED.sdk -hwspec C:/Users/wilson/Documents/Project/my_w2812b_Project/W2812bDesignIP_INTEGRATED/W2812bDesignIP_INTEGRATED.sdk/W2812b_design_1_wrapper.hdf
INFO: [Vivado 12-3157] SDK launch initiated. Please check console for any further messages.
update_ip_catalog -rebuild -scan_changes
INFO: [IP_Flow 19-234] Refreshing IP repositories
INFO: [IP_Flow 19-1700] Loaded user IP repository 'c:/Users/wilson/Documents/Project/my_w2812b_Project/ip_repo/myW2812bDesignIP_1.0'.
report_ip_status -name ip_status
upgrade_ip -vlnv xilinx.com:user:myW2812bDesignIP:1.0 [get_ips  W2812b_design_1_myW2812bDesignIP_0_1] -log ip_upgrade.log
Upgrading 'C:/Users/wilson/Documents/Project/my_w2812b_Project/W2812bDesignIP_INTEGRATED/W2812bDesignIP_INTEGRATED.srcs/sources_1/bd/W2812b_design_1/W2812b_design_1.bd'
INFO: [IP_Flow 19-3422] Upgraded W2812b_design_1_myW2812bDesignIP_0_1 (myW2812bDesignIP_v1.0 1.0) from revision 30 to revision 33
Wrote  : <C:\Users\wilson\Documents\Project\my_w2812b_Project\W2812bDesignIP_INTEGRATED\W2812bDesignIP_INTEGRATED.srcs\sources_1\bd\W2812b_design_1\W2812b_design_1.bd> 
INFO: [Coretcl 2-1525] Wrote upgrade log to 'C:/Users/wilson/Documents/Project/my_w2812b_Project/W2812bDesignIP_INTEGRATED/ip_upgrade.log'.
export_ip_user_files -of_objects [get_ips W2812b_design_1_myW2812bDesignIP_0_1] -no_script -sync -force -quiet
generate_target all [get_files  C:/Users/wilson/Documents/Project/my_w2812b_Project/W2812bDesignIP_INTEGRATED/W2812bDesignIP_INTEGRATED.srcs/sources_1/bd/W2812b_design_1/W2812b_design_1.bd]
Wrote  : <C:\Users\wilson\Documents\Project\my_w2812b_Project\W2812bDesignIP_INTEGRATED\W2812bDesignIP_INTEGRATED.srcs\sources_1\bd\W2812b_design_1\W2812b_design_1.bd> 
VHDL Output written to : C:/Users/wilson/Documents/Project/my_w2812b_Project/W2812bDesignIP_INTEGRATED/W2812bDesignIP_INTEGRATED.srcs/sources_1/bd/W2812b_design_1/synth/W2812b_design_1.vhd
VHDL Output written to : C:/Users/wilson/Documents/Project/my_w2812b_Project/W2812bDesignIP_INTEGRATED/W2812bDesignIP_INTEGRATED.srcs/sources_1/bd/W2812b_design_1/sim/W2812b_design_1.vhd
VHDL Output written to : C:/Users/wilson/Documents/Project/my_w2812b_Project/W2812bDesignIP_INTEGRATED/W2812bDesignIP_INTEGRATED.srcs/sources_1/bd/W2812b_design_1/hdl/W2812b_design_1_wrapper.vhd
INFO: [BD 41-1029] Generation completed for the IP Integrator block processing_system7_0 .
INFO: [BD 41-1029] Generation completed for the IP Integrator block rst_ps7_0_100M .
INFO: [BD 41-1029] Generation completed for the IP Integrator block ps7_0_axi_periph/xbar .
INFO: [BD 41-1029] Generation completed for the IP Integrator block axi_gpio_0 .
INFO: [BD 41-1029] Generation completed for the IP Integrator block axi_gpio_1 .
INFO: [BD 41-1029] Generation completed for the IP Integrator block myW2812bDesignIP_0 .
WARNING: [IP_Flow 19-4994] Overwriting existing constraint file 'c:/Users/wilson/Documents/Project/my_w2812b_Project/W2812bDesignIP_INTEGRATED/W2812bDesignIP_INTEGRATED.srcs/sources_1/bd/W2812b_design_1/ip/W2812b_design_1_auto_pc_0/W2812b_design_1_auto_pc_0_ooc.xdc'
INFO: [BD 41-1029] Generation completed for the IP Integrator block ps7_0_axi_periph/s00_couplers/auto_pc .
Exporting to file C:/Users/wilson/Documents/Project/my_w2812b_Project/W2812bDesignIP_INTEGRATED/W2812bDesignIP_INTEGRATED.srcs/sources_1/bd/W2812b_design_1/hw_handoff/W2812b_design_1.hwh
Generated Block Design Tcl file C:/Users/wilson/Documents/Project/my_w2812b_Project/W2812bDesignIP_INTEGRATED/W2812bDesignIP_INTEGRATED.srcs/sources_1/bd/W2812b_design_1/hw_handoff/W2812b_design_1_bd.tcl
Generated Hardware Definition File C:/Users/wilson/Documents/Project/my_w2812b_Project/W2812bDesignIP_INTEGRATED/W2812bDesignIP_INTEGRATED.srcs/sources_1/bd/W2812b_design_1/synth/W2812b_design_1.hwdef
export_ip_user_files -of_objects [get_files C:/Users/wilson/Documents/Project/my_w2812b_Project/W2812bDesignIP_INTEGRATED/W2812bDesignIP_INTEGRATED.srcs/sources_1/bd/W2812b_design_1/W2812b_design_1.bd] -no_script -sync -force -quiet
export_simulation -of_objects [get_files C:/Users/wilson/Documents/Project/my_w2812b_Project/W2812bDesignIP_INTEGRATED/W2812bDesignIP_INTEGRATED.srcs/sources_1/bd/W2812b_design_1/W2812b_design_1.bd] -directory C:/Users/wilson/Documents/Project/my_w2812b_Project/W2812bDesignIP_INTEGRATED/W2812bDesignIP_INTEGRATED.ip_user_files/sim_scripts -ip_user_files_dir C:/Users/wilson/Documents/Project/my_w2812b_Project/W2812bDesignIP_INTEGRATED/W2812bDesignIP_INTEGRATED.ip_user_files -ipstatic_source_dir C:/Users/wilson/Documents/Project/my_w2812b_Project/W2812bDesignIP_INTEGRATED/W2812bDesignIP_INTEGRATED.ip_user_files/ipstatic -lib_map_path [list {modelsim=C:/Users/wilson/Documents/Project/my_w2812b_Project/W2812bDesignIP_INTEGRATED/W2812bDesignIP_INTEGRATED.cache/compile_simlib/modelsim} {questa=C:/Users/wilson/Documents/Project/my_w2812b_Project/W2812bDesignIP_INTEGRATED/W2812bDesignIP_INTEGRATED.cache/compile_simlib/questa} {riviera=C:/Users/wilson/Documents/Project/my_w2812b_Project/W2812bDesignIP_INTEGRATED/W2812bDesignIP_INTEGRATED.cache/compile_simlib/riviera} {activehdl=C:/Users/wilson/Documents/Project/my_w2812b_Project/W2812bDesignIP_INTEGRATED/W2812bDesignIP_INTEGRATED.cache/compile_simlib/activehdl}] -use_ip_compiled_libs -force -quiet
reset_run synth_1
launch_runs impl_1 -to_step write_bitstream -jobs 4
[Fri Dec  4 19:15:40 2020] Launched synth_1...
Run output will be captured here: C:/Users/wilson/Documents/Project/my_w2812b_Project/W2812bDesignIP_INTEGRATED/W2812bDesignIP_INTEGRATED.runs/synth_1/runme.log
[Fri Dec  4 19:15:40 2020] Launched impl_1...
Run output will be captured here: C:/Users/wilson/Documents/Project/my_w2812b_Project/W2812bDesignIP_INTEGRATED/W2812bDesignIP_INTEGRATED.runs/impl_1/runme.log
open_run impl_1
INFO: [Device 21-403] Loading part xc7z020clg484-1
INFO: [Netlist 29-17] Analyzing 327 Unisim elements for replacement
INFO: [Netlist 29-28] Unisim Transformation completed in 0 CPU seconds
INFO: [Project 1-479] Netlist was created with Vivado 2019.1
INFO: [Project 1-570] Preparing netlist for logic optimization
INFO: [Timing 38-478] Restoring timing data from binary archive.
INFO: [Common 17-41] Interrupt caught. Command should exit soon.
INFO: [Timing 38-479] Binary timing data restore complete.
INFO: [Project 1-856] Restoring constraints from binary archive.
INFO: [Project 1-853] Binary constraint restore complete.
Reading XDEF placement.
Reading placer database...
Reading XDEF routing.
Restored from archive | CPU: 0.000000 secs | Memory: 0.000000 MB |
Finished XDEF File Restore: Time (s): cpu = 00:00:00 ; elapsed = 00:00:00.366 . Memory (MB): peak = 2107.848 ; gain = 0.000
open_run: Time (s): cpu = 00:00:20 ; elapsed = 00:00:21 . Memory (MB): peak = 2107.848 ; gain = 810.930
INFO: [Common 17-344] 'open_run' was cancelled
file copy -force C:/Users/wilson/Documents/Project/my_w2812b_Project/W2812bDesignIP_INTEGRATED/W2812bDesignIP_INTEGRATED.runs/impl_1/W2812b_design_1_wrapper.sysdef C:/Users/wilson/Documents/Project/my_w2812b_Project/W2812bDesignIP_INTEGRATED/W2812bDesignIP_INTEGRATED.sdk/W2812b_design_1_wrapper.hdf

launch_sdk -workspace C:/Users/wilson/Documents/Project/my_w2812b_Project/W2812bDesignIP_INTEGRATED/W2812bDesignIP_INTEGRATED.sdk -hwspec C:/Users/wilson/Documents/Project/my_w2812b_Project/W2812bDesignIP_INTEGRATED/W2812bDesignIP_INTEGRATED.sdk/W2812b_design_1_wrapper.hdf
INFO: [Vivado 12-393] Launching SDK...
INFO: [Vivado 12-417] Running xsdk -workspace C:/Users/wilson/Documents/Project/my_w2812b_Project/W2812bDesignIP_INTEGRATED/W2812bDesignIP_INTEGRATED.sdk -hwspec C:/Users/wilson/Documents/Project/my_w2812b_Project/W2812bDesignIP_INTEGRATED/W2812bDesignIP_INTEGRATED.sdk/W2812b_design_1_wrapper.hdf
INFO: [Vivado 12-3157] SDK launch initiated. Please check console for any further messages.
exit
INFO: [Common 17-206] Exiting Vivado at Fri Dec  4 20:09:50 2020...
